<?xml version="1.0" encoding="UTF-8"?>
<robot generator="Robot 4.1 (Python 3.9.6 on win32)" generated="20210814 11:39:43.480" rpa="false" schemaversion="2">
<suite id="s1" name="Device Management" source="F:\Automation_task\Android_TV\Task_10_08_21\android_tv_mozark\android_tv_mozark\3.Signedin(Livspecial plus+)\Device_Management.robot">
<test id="s1-t1" name="TC_121 : Validate setting Button">
<kw name="Set Variable" library="BuiltIn">
<var>${img_no}</var>
<arg>121</arg>
<doc>Returns the given values which can then be assigned to a variables.</doc>
<msg timestamp="20210814 11:39:44.009" level="INFO">${img_no} = 121</msg>
<status status="PASS" starttime="20210814 11:39:44.008" endtime="20210814 11:39:44.009"/>
</kw>
<kw name="Set Global Variable" library="BuiltIn">
<arg>${img_no}</arg>
<doc>Makes a variable available globally in all tests and suites.</doc>
<msg timestamp="20210814 11:39:44.010" level="INFO">${img_no} = 121</msg>
<status status="PASS" starttime="20210814 11:39:44.009" endtime="20210814 11:39:44.010"/>
</kw>
<kw name="Launch Application" library="GenericFunction">
<kw name="Open Application" library="AppiumLibrary">
<arg>${APPIUM_SERVER}</arg>
<arg>platformName=android</arg>
<arg>deviceName=${TEST_DEVICE}</arg>
<arg>udid=${TEST_DEVICE}</arg>
<arg>appActivity=${APP_ACTIVITY}</arg>
<arg>appPackage=${APP_PACKAGE}</arg>
<arg>usePrebuiltWDA=true</arg>
<arg>fullReset=false</arg>
<arg>newCommandTimeout=60000</arg>
<arg>wdaConnectionTimeout=6000</arg>
<arg>clearSystemFiles=true</arg>
<arg>useNewWDA=false</arg>
<doc>Opens a new application to given Appium server.
Capabilities of appium server, Android and iOS,
Please check https://github.com/appium/appium/blob/master/docs/en/writing-running-appium/server-args.md
| *Option*            | *Man.* | *Description*     |
| remote_url          | Yes    | Appium server url |
| alias               | no     | alias             |</doc>
<status status="PASS" starttime="20210814 11:39:44.011" endtime="20210814 11:39:55.814"/>
</kw>
<kw name="Sleep" library="BuiltIn">
<arg>5</arg>
<doc>Pauses the test executed for the given time.</doc>
<msg timestamp="20210814 11:40:00.815" level="INFO">Slept 5 seconds</msg>
<status status="PASS" starttime="20210814 11:39:55.814" endtime="20210814 11:40:00.815"/>
</kw>
<kw name="Log To Console" library="BuiltIn">
<arg>Application Launched Successfully....</arg>
<doc>Logs the given message to the console.</doc>
<status status="PASS" starttime="20210814 11:40:00.816" endtime="20210814 11:40:00.816"/>
</kw>
<status status="PASS" starttime="20210814 11:39:44.010" endtime="20210814 11:40:00.816"/>
</kw>
<kw name="Sleep" library="BuiltIn">
<arg>10</arg>
<doc>Pauses the test executed for the given time.</doc>
<msg timestamp="20210814 11:40:10.820" level="INFO">Slept 10 seconds</msg>
<status status="PASS" starttime="20210814 11:40:00.817" endtime="20210814 11:40:10.820"/>
</kw>
<kw name="ENABLING LEFT MENU" library="GenericFunction">
<kw name="Set Variable" library="BuiltIn">
<var>${result}</var>
<arg>False</arg>
<doc>Returns the given values which can then be assigned to a variables.</doc>
<msg timestamp="20210814 11:40:10.827" level="INFO">${result} = False</msg>
<status status="PASS" starttime="20210814 11:40:10.826" endtime="20210814 11:40:10.827"/>
</kw>
<for flavor="IN RANGE">
<var>${i}</var>
<value>0</value>
<value>30</value>
<iter>
<var name="${i}">0</var>
<kw name="Run Keyword And Return Status" library="BuiltIn">
<var>${result}</var>
<arg>wait until page contains element</arg>
<arg>${SONY_LIV_TO_HOME_BUTTON}</arg>
<arg>timeout=2</arg>
<doc>Runs the given keyword with given arguments and returns the status as a Boolean value.</doc>
<kw name="Wait Until Page Contains Element" library="AppiumLibrary">
<arg>${SONY_LIV_TO_HOME_BUTTON}</arg>
<arg>timeout=2</arg>
<doc>Waits until element specified with `locator` appears on current page.</doc>
<kw name="Capture Page Screenshot" library="AppiumLibrary">
<doc>Takes a screenshot of the current page and embeds it into the log.</doc>
<msg timestamp="20210814 11:40:19.519" level="INFO" html="true">&lt;/td&gt;&lt;/tr&gt;&lt;tr&gt;&lt;td colspan="3"&gt;&lt;a href="appium-screenshot-1.png"&gt;&lt;img src="appium-screenshot-1.png" width="800px"&gt;&lt;/a&gt;</msg>
<status status="PASS" starttime="20210814 11:40:17.127" endtime="20210814 11:40:19.520"/>
</kw>
<msg timestamp="20210814 11:40:19.522" level="FAIL">Element '//*[@text='Home']' did not appear in 2 seconds</msg>
<status status="FAIL" starttime="20210814 11:40:10.829" endtime="20210814 11:40:19.522"/>
</kw>
<msg timestamp="20210814 11:40:19.523" level="INFO">${result} = False</msg>
<status status="PASS" starttime="20210814 11:40:10.828" endtime="20210814 11:40:19.523"/>
</kw>
<kw name="Run Keyword If" library="BuiltIn">
<arg>${result}</arg>
<arg>log to console</arg>
<arg>Menu Enabled</arg>
<doc>Runs the given keyword with the given arguments, if ``condition`` is true.</doc>
<status status="PASS" starttime="20210814 11:40:19.523" endtime="20210814 11:40:19.524"/>
</kw>
<kw name="Exit For Loop If" library="BuiltIn">
<arg>'${result}'=='True'</arg>
<doc>Stops executing the enclosing for loop if the ``condition`` is true.</doc>
<status status="PASS" starttime="20210814 11:40:19.524" endtime="20210814 11:40:19.525"/>
</kw>
<kw name="Press Keycode" library="AppiumLibrary">
<arg>21</arg>
<doc>Sends a press of keycode to the device.</doc>
<status status="PASS" starttime="20210814 11:40:19.525" endtime="20210814 11:40:20.151"/>
</kw>
<kw name="Press Keycode" library="AppiumLibrary">
<arg>21</arg>
<doc>Sends a press of keycode to the device.</doc>
<status status="PASS" starttime="20210814 11:40:20.151" endtime="20210814 11:40:21.241"/>
</kw>
<kw name="Press Keycode" library="AppiumLibrary">
<arg>21</arg>
<doc>Sends a press of keycode to the device.</doc>
<status status="PASS" starttime="20210814 11:40:21.241" endtime="20210814 11:40:21.401"/>
</kw>
<status status="PASS" starttime="20210814 11:40:10.828" endtime="20210814 11:40:21.401"/>
</iter>
<iter>
<var name="${i}">1</var>
<kw name="Run Keyword And Return Status" library="BuiltIn">
<var>${result}</var>
<arg>wait until page contains element</arg>
<arg>${SONY_LIV_TO_HOME_BUTTON}</arg>
<arg>timeout=2</arg>
<doc>Runs the given keyword with given arguments and returns the status as a Boolean value.</doc>
<kw name="Wait Until Page Contains Element" library="AppiumLibrary">
<arg>${SONY_LIV_TO_HOME_BUTTON}</arg>
<arg>timeout=2</arg>
<doc>Waits until element specified with `locator` appears on current page.</doc>
<status status="PASS" starttime="20210814 11:40:21.402" endtime="20210814 11:40:22.502"/>
</kw>
<msg timestamp="20210814 11:40:22.503" level="INFO">${result} = True</msg>
<status status="PASS" starttime="20210814 11:40:21.402" endtime="20210814 11:40:22.503"/>
</kw>
<kw name="Run Keyword If" library="BuiltIn">
<arg>${result}</arg>
<arg>log to console</arg>
<arg>Menu Enabled</arg>
<doc>Runs the given keyword with the given arguments, if ``condition`` is true.</doc>
<kw name="Log To Console" library="BuiltIn">
<arg>Menu Enabled</arg>
<doc>Logs the given message to the console.</doc>
<status status="PASS" starttime="20210814 11:40:22.504" endtime="20210814 11:40:22.504"/>
</kw>
<status status="PASS" starttime="20210814 11:40:22.503" endtime="20210814 11:40:22.505"/>
</kw>
<kw name="Exit For Loop If" library="BuiltIn">
<arg>'${result}'=='True'</arg>
<doc>Stops executing the enclosing for loop if the ``condition`` is true.</doc>
<msg timestamp="20210814 11:40:22.506" level="INFO">Exiting for loop altogether.</msg>
<status status="PASS" starttime="20210814 11:40:22.505" endtime="20210814 11:40:22.506"/>
</kw>
<status status="PASS" starttime="20210814 11:40:21.401" endtime="20210814 11:40:22.507"/>
</iter>
<status status="PASS" starttime="20210814 11:40:10.827" endtime="20210814 11:40:22.507"/>
</for>
<status status="PASS" starttime="20210814 11:40:10.821" endtime="20210814 11:40:22.507"/>
</kw>
<kw name="SIGNIN MANUALLY BY MOBILE FOR SUBSCRIBED" library="web_res">
<kw name="Run Keyword And Return Status" library="BuiltIn">
<var>${result}</var>
<arg>Wait Until Page Contains Element</arg>
<arg>${SONY_LIV_TO_SIGN_IN_BUTTON}</arg>
<doc>Runs the given keyword with given arguments and returns the status as a Boolean value.</doc>
<kw name="Wait Until Page Contains Element" library="AppiumLibrary">
<arg>${SONY_LIV_TO_SIGN_IN_BUTTON}</arg>
<doc>Waits until element specified with `locator` appears on current page.</doc>
<status status="PASS" starttime="20210814 11:40:22.508" endtime="20210814 11:40:22.755"/>
</kw>
<msg timestamp="20210814 11:40:22.755" level="INFO">${result} = True</msg>
<status status="PASS" starttime="20210814 11:40:22.508" endtime="20210814 11:40:22.755"/>
</kw>
<kw name="Run Keyword If" library="BuiltIn">
<arg>${result}</arg>
<arg>log to console</arg>
<arg>Signin Button Present</arg>
<doc>Runs the given keyword with the given arguments, if ``condition`` is true.</doc>
<kw name="Log To Console" library="BuiltIn">
<arg>Signin Button Present</arg>
<doc>Logs the given message to the console.</doc>
<status status="PASS" starttime="20210814 11:40:22.756" endtime="20210814 11:40:22.756"/>
</kw>
<status status="PASS" starttime="20210814 11:40:22.755" endtime="20210814 11:40:22.756"/>
</kw>
<kw name="Run Keyword Unless" library="BuiltIn">
<arg>${result}</arg>
<arg>Click Element</arg>
<arg>${USER_PROFILE_BUTTON}</arg>
<doc>Runs the given keyword with the given arguments if ``condition`` is false.</doc>
<status status="PASS" starttime="20210814 11:40:22.757" endtime="20210814 11:40:22.757"/>
</kw>
<kw name="Sleep" library="BuiltIn">
<arg>5</arg>
<doc>Pauses the test executed for the given time.</doc>
<msg timestamp="20210814 11:40:27.758" level="INFO">Slept 5 seconds</msg>
<status status="PASS" starttime="20210814 11:40:22.757" endtime="20210814 11:40:27.758"/>
</kw>
<kw name="Run Keyword And Return Status" library="BuiltIn">
<var>${result}</var>
<arg>Click Element</arg>
<arg>${SONY_LIV_TO_SIGN_IN_BUTTON}</arg>
<doc>Runs the given keyword with given arguments and returns the status as a Boolean value.</doc>
<kw name="Click Element" library="AppiumLibrary">
<arg>${SONY_LIV_TO_SIGN_IN_BUTTON}</arg>
<doc>Click element identified by `locator`.</doc>
<msg timestamp="20210814 11:40:27.772" level="INFO">Clicking element '//*[@resource-id='com.sonyliv:id/logoiv']'.</msg>
<status status="PASS" starttime="20210814 11:40:27.759" endtime="20210814 11:40:28.517"/>
</kw>
<msg timestamp="20210814 11:40:28.517" level="INFO">${result} = True</msg>
<status status="PASS" starttime="20210814 11:40:27.759" endtime="20210814 11:40:28.517"/>
</kw>
<kw name="Run Keyword If" library="BuiltIn">
<arg>${result}</arg>
<arg>log to console</arg>
<arg>CLicked on Signin Button</arg>
<doc>Runs the given keyword with the given arguments, if ``condition`` is true.</doc>
<kw name="Log To Console" library="BuiltIn">
<arg>CLicked on Signin Button</arg>
<doc>Logs the given message to the console.</doc>
<status status="PASS" starttime="20210814 11:40:28.518" endtime="20210814 11:40:28.539"/>
</kw>
<status status="PASS" starttime="20210814 11:40:28.517" endtime="20210814 11:40:28.540"/>
</kw>
<kw name="Run Keyword Unless" library="BuiltIn">
<arg>${result}</arg>
<arg>fail</arg>
<arg>Signin button Not Clicked</arg>
<doc>Runs the given keyword with the given arguments if ``condition`` is false.</doc>
<status status="PASS" starttime="20210814 11:40:28.540" endtime="20210814 11:40:28.542"/>
</kw>
<kw name="Sleep" library="BuiltIn">
<arg>2</arg>
<doc>Pauses the test executed for the given time.</doc>
<msg timestamp="20210814 11:40:30.544" level="INFO">Slept 2 seconds</msg>
<status status="PASS" starttime="20210814 11:40:28.542" endtime="20210814 11:40:30.544"/>
</kw>
<kw name="Press Keycode" library="AppiumLibrary">
<arg>66</arg>
<doc>Sends a press of keycode to the device.</doc>
<status status="PASS" starttime="20210814 11:40:30.545" endtime="20210814 11:40:32.174"/>
</kw>
<kw name="Sleep" library="BuiltIn">
<arg>3</arg>
<doc>Pauses the test executed for the given time.</doc>
<msg timestamp="20210814 11:40:35.176" level="INFO">Slept 3 seconds</msg>
<status status="PASS" starttime="20210814 11:40:32.174" endtime="20210814 11:40:35.176"/>
</kw>
<status status="PASS" starttime="20210814 11:40:22.507" endtime="20210814 11:40:35.176"/>
</kw>
<kw name="SELECT 1ST USER IN MULTIPROFILE" library="web_res">
<kw name="Run Keyword And Return Status" library="BuiltIn">
<var>${result}</var>
<arg>Wait Until Page Contains Element</arg>
<arg>${MULTI_PROFILE_1ST_USER}</arg>
<arg>15</arg>
<doc>Runs the given keyword with given arguments and returns the status as a Boolean value.</doc>
<kw name="Wait Until Page Contains Element" library="AppiumLibrary">
<arg>${MULTI_PROFILE_1ST_USER}</arg>
<arg>15</arg>
<doc>Waits until element specified with `locator` appears on current page.</doc>
<status status="PASS" starttime="20210814 11:40:35.189" endtime="20210814 11:40:40.250"/>
</kw>
<msg timestamp="20210814 11:40:40.251" level="INFO">${result} = True</msg>
<status status="PASS" starttime="20210814 11:40:35.188" endtime="20210814 11:40:40.251"/>
</kw>
<kw name="Sleep" library="BuiltIn">
<arg>2</arg>
<doc>Pauses the test executed for the given time.</doc>
<msg timestamp="20210814 11:40:42.252" level="INFO">Slept 2 seconds</msg>
<status status="PASS" starttime="20210814 11:40:40.251" endtime="20210814 11:40:42.252"/>
</kw>
<kw name="Run Keyword If" library="BuiltIn">
<arg>${result}</arg>
<arg>press keycode</arg>
<arg>23</arg>
<doc>Runs the given keyword with the given arguments, if ``condition`` is true.</doc>
<kw name="Press Keycode" library="AppiumLibrary">
<arg>23</arg>
<doc>Sends a press of keycode to the device.</doc>
<status status="PASS" starttime="20210814 11:40:42.254" endtime="20210814 11:40:42.430"/>
</kw>
<status status="PASS" starttime="20210814 11:40:42.253" endtime="20210814 11:40:42.431"/>
</kw>
<kw name="Log To Console" library="BuiltIn">
<arg>profile selected</arg>
<doc>Logs the given message to the console.</doc>
<status status="PASS" starttime="20210814 11:40:42.431" endtime="20210814 11:40:42.432"/>
</kw>
<kw name="Sleep" library="BuiltIn">
<arg>4</arg>
<doc>Pauses the test executed for the given time.</doc>
<msg timestamp="20210814 11:40:46.433" level="INFO">Slept 4 seconds</msg>
<status status="PASS" starttime="20210814 11:40:42.433" endtime="20210814 11:40:46.433"/>
</kw>
<status status="PASS" starttime="20210814 11:40:35.187" endtime="20210814 11:40:46.434"/>
</kw>
<kw name="ENTER PARENTAL PIN" library="web_res">
<arg>${PIN}</arg>
<arg>${TEST_DEVICE}</arg>
<kw name="Enter Pin" library="search">
<arg>${variable}</arg>
<arg>${variable1}</arg>
<kw name="Evaluate" library="BuiltIn">
<var>${str1}</var>
<arg>'${str1}'.upper()</arg>
<doc>Evaluates the given expression in Python and returns the result.</doc>
<msg timestamp="20210814 11:40:46.437" level="INFO">${str1} = 1111</msg>
<status status="PASS" starttime="20210814 11:40:46.436" endtime="20210814 11:40:46.437"/>
</kw>
<kw name="Log To Console" library="BuiltIn">
<arg>${str1}</arg>
<doc>Logs the given message to the console.</doc>
<status status="PASS" starttime="20210814 11:40:46.438" endtime="20210814 11:40:46.438"/>
</kw>
<kw name="Get Length" library="BuiltIn">
<var>${len}</var>
<arg>${str1}</arg>
<doc>Returns and logs the length of the given item as an integer.</doc>
<msg timestamp="20210814 11:40:46.439" level="INFO">Length is 4</msg>
<msg timestamp="20210814 11:40:46.439" level="INFO">${len} = 4</msg>
<status status="PASS" starttime="20210814 11:40:46.439" endtime="20210814 11:40:46.439"/>
</kw>
<for flavor="IN RANGE">
<var>${i}</var>
<value>0</value>
<value>${len}</value>
<iter>
<var name="${i}">0</var>
<kw name="Set Variable" library="BuiltIn">
<var>${str2}</var>
<arg>FUNN_${str1[${i}]}</arg>
<doc>Returns the given values which can then be assigned to a variables.</doc>
<msg timestamp="20210814 11:40:46.446" level="INFO">${str2} = FUNN_1</msg>
<status status="PASS" starttime="20210814 11:40:46.440" endtime="20210814 11:40:46.446"/>
</kw>
<kw name="Log To Console" library="BuiltIn">
<arg>${str2}</arg>
<doc>Logs the given message to the console.</doc>
<status status="PASS" starttime="20210814 11:40:46.447" endtime="20210814 11:40:46.448"/>
</kw>
<kw name="Run Keyword" library="BuiltIn">
<arg>${str2}</arg>
<arg>${variable2}</arg>
<doc>Executes the given keyword with the given arguments.</doc>
<kw name="FUNN_1" library="search">
<arg>${variable2}</arg>
<kw name="Run Keyword And Return Status" library="BuiltIn">
<var>${result}</var>
<arg>Wait Until Page Contains Element</arg>
<arg>${BUTTON_1}</arg>
<doc>Runs the given keyword with given arguments and returns the status as a Boolean value.</doc>
<kw name="Wait Until Page Contains Element" library="AppiumLibrary">
<arg>${BUTTON_1}</arg>
<doc>Waits until element specified with `locator` appears on current page.</doc>
<status status="PASS" starttime="20210814 11:40:46.451" endtime="20210814 11:40:46.586"/>
</kw>
<msg timestamp="20210814 11:40:46.586" level="INFO">${result} = True</msg>
<status status="PASS" starttime="20210814 11:40:46.450" endtime="20210814 11:40:46.587"/>
</kw>
<kw name="Run Keyword Unless" library="BuiltIn">
<arg>${result}</arg>
<arg>fail</arg>
<arg>Button space not present....</arg>
<doc>Runs the given keyword with the given arguments if ``condition`` is false.</doc>
<status status="PASS" starttime="20210814 11:40:46.587" endtime="20210814 11:40:46.588"/>
</kw>
<kw name="Run Process" library="Process">
<arg>adb -s ${variable} shell input keyevent 23</arg>
<arg>shell==true</arg>
<doc>Runs a process and waits for it to complete.</doc>
<msg timestamp="20210814 11:40:46.589" level="INFO">Starting process:
adb -s emulator-5554 shell input keyevent 23</msg>
<msg timestamp="20210814 11:40:46.592" level="INFO">Waiting for process to complete.</msg>
<msg timestamp="20210814 11:40:47.614" level="INFO">Process completed.</msg>
<status status="PASS" starttime="20210814 11:40:46.588" endtime="20210814 11:40:47.615"/>
</kw>
<status status="PASS" starttime="20210814 11:40:46.449" endtime="20210814 11:40:47.615"/>
</kw>
<status status="PASS" starttime="20210814 11:40:46.448" endtime="20210814 11:40:47.615"/>
</kw>
<status status="PASS" starttime="20210814 11:40:46.440" endtime="20210814 11:40:47.615"/>
</iter>
<iter>
<var name="${i}">1</var>
<kw name="Set Variable" library="BuiltIn">
<var>${str2}</var>
<arg>FUNN_${str1[${i}]}</arg>
<doc>Returns the given values which can then be assigned to a variables.</doc>
<msg timestamp="20210814 11:40:47.622" level="INFO">${str2} = FUNN_1</msg>
<status status="PASS" starttime="20210814 11:40:47.616" endtime="20210814 11:40:47.622"/>
</kw>
<kw name="Log To Console" library="BuiltIn">
<arg>${str2}</arg>
<doc>Logs the given message to the console.</doc>
<status status="PASS" starttime="20210814 11:40:47.623" endtime="20210814 11:40:47.624"/>
</kw>
<kw name="Run Keyword" library="BuiltIn">
<arg>${str2}</arg>
<arg>${variable2}</arg>
<doc>Executes the given keyword with the given arguments.</doc>
<kw name="FUNN_1" library="search">
<arg>${variable2}</arg>
<kw name="Run Keyword And Return Status" library="BuiltIn">
<var>${result}</var>
<arg>Wait Until Page Contains Element</arg>
<arg>${BUTTON_1}</arg>
<doc>Runs the given keyword with given arguments and returns the status as a Boolean value.</doc>
<kw name="Wait Until Page Contains Element" library="AppiumLibrary">
<arg>${BUTTON_1}</arg>
<doc>Waits until element specified with `locator` appears on current page.</doc>
<status status="PASS" starttime="20210814 11:40:47.627" endtime="20210814 11:40:47.754"/>
</kw>
<msg timestamp="20210814 11:40:47.755" level="INFO">${result} = True</msg>
<status status="PASS" starttime="20210814 11:40:47.626" endtime="20210814 11:40:47.755"/>
</kw>
<kw name="Run Keyword Unless" library="BuiltIn">
<arg>${result}</arg>
<arg>fail</arg>
<arg>Button space not present....</arg>
<doc>Runs the given keyword with the given arguments if ``condition`` is false.</doc>
<status status="PASS" starttime="20210814 11:40:47.755" endtime="20210814 11:40:47.756"/>
</kw>
<kw name="Run Process" library="Process">
<arg>adb -s ${variable} shell input keyevent 23</arg>
<arg>shell==true</arg>
<doc>Runs a process and waits for it to complete.</doc>
<msg timestamp="20210814 11:40:47.757" level="INFO">Starting process:
adb -s emulator-5554 shell input keyevent 23</msg>
<msg timestamp="20210814 11:40:47.760" level="INFO">Waiting for process to complete.</msg>
<msg timestamp="20210814 11:40:48.710" level="INFO">Process completed.</msg>
<status status="PASS" starttime="20210814 11:40:47.756" endtime="20210814 11:40:48.710"/>
</kw>
<status status="PASS" starttime="20210814 11:40:47.625" endtime="20210814 11:40:48.711"/>
</kw>
<status status="PASS" starttime="20210814 11:40:47.624" endtime="20210814 11:40:48.711"/>
</kw>
<status status="PASS" starttime="20210814 11:40:47.615" endtime="20210814 11:40:48.711"/>
</iter>
<iter>
<var name="${i}">2</var>
<kw name="Set Variable" library="BuiltIn">
<var>${str2}</var>
<arg>FUNN_${str1[${i}]}</arg>
<doc>Returns the given values which can then be assigned to a variables.</doc>
<msg timestamp="20210814 11:40:48.718" level="INFO">${str2} = FUNN_1</msg>
<status status="PASS" starttime="20210814 11:40:48.712" endtime="20210814 11:40:48.718"/>
</kw>
<kw name="Log To Console" library="BuiltIn">
<arg>${str2}</arg>
<doc>Logs the given message to the console.</doc>
<status status="PASS" starttime="20210814 11:40:48.719" endtime="20210814 11:40:48.719"/>
</kw>
<kw name="Run Keyword" library="BuiltIn">
<arg>${str2}</arg>
<arg>${variable2}</arg>
<doc>Executes the given keyword with the given arguments.</doc>
<kw name="FUNN_1" library="search">
<arg>${variable2}</arg>
<kw name="Run Keyword And Return Status" library="BuiltIn">
<var>${result}</var>
<arg>Wait Until Page Contains Element</arg>
<arg>${BUTTON_1}</arg>
<doc>Runs the given keyword with given arguments and returns the status as a Boolean value.</doc>
<kw name="Wait Until Page Contains Element" library="AppiumLibrary">
<arg>${BUTTON_1}</arg>
<doc>Waits until element specified with `locator` appears on current page.</doc>
<status status="PASS" starttime="20210814 11:40:48.722" endtime="20210814 11:40:48.962"/>
</kw>
<msg timestamp="20210814 11:40:48.963" level="INFO">${result} = True</msg>
<status status="PASS" starttime="20210814 11:40:48.722" endtime="20210814 11:40:48.963"/>
</kw>
<kw name="Run Keyword Unless" library="BuiltIn">
<arg>${result}</arg>
<arg>fail</arg>
<arg>Button space not present....</arg>
<doc>Runs the given keyword with the given arguments if ``condition`` is false.</doc>
<status status="PASS" starttime="20210814 11:40:48.963" endtime="20210814 11:40:48.964"/>
</kw>
<kw name="Run Process" library="Process">
<arg>adb -s ${variable} shell input keyevent 23</arg>
<arg>shell==true</arg>
<doc>Runs a process and waits for it to complete.</doc>
<msg timestamp="20210814 11:40:48.965" level="INFO">Starting process:
adb -s emulator-5554 shell input keyevent 23</msg>
<msg timestamp="20210814 11:40:48.968" level="INFO">Waiting for process to complete.</msg>
<msg timestamp="20210814 11:40:50.244" level="INFO">Process completed.</msg>
<status status="PASS" starttime="20210814 11:40:48.964" endtime="20210814 11:40:50.245"/>
</kw>
<status status="PASS" starttime="20210814 11:40:48.721" endtime="20210814 11:40:50.245"/>
</kw>
<status status="PASS" starttime="20210814 11:40:48.720" endtime="20210814 11:40:50.245"/>
</kw>
<status status="PASS" starttime="20210814 11:40:48.711" endtime="20210814 11:40:50.245"/>
</iter>
<iter>
<var name="${i}">3</var>
<kw name="Set Variable" library="BuiltIn">
<var>${str2}</var>
<arg>FUNN_${str1[${i}]}</arg>
<doc>Returns the given values which can then be assigned to a variables.</doc>
<msg timestamp="20210814 11:40:50.253" level="INFO">${str2} = FUNN_1</msg>
<status status="PASS" starttime="20210814 11:40:50.246" endtime="20210814 11:40:50.253"/>
</kw>
<kw name="Log To Console" library="BuiltIn">
<arg>${str2}</arg>
<doc>Logs the given message to the console.</doc>
<status status="PASS" starttime="20210814 11:40:50.253" endtime="20210814 11:40:50.255"/>
</kw>
<kw name="Run Keyword" library="BuiltIn">
<arg>${str2}</arg>
<arg>${variable2}</arg>
<doc>Executes the given keyword with the given arguments.</doc>
<kw name="FUNN_1" library="search">
<arg>${variable2}</arg>
<kw name="Run Keyword And Return Status" library="BuiltIn">
<var>${result}</var>
<arg>Wait Until Page Contains Element</arg>
<arg>${BUTTON_1}</arg>
<doc>Runs the given keyword with given arguments and returns the status as a Boolean value.</doc>
<kw name="Wait Until Page Contains Element" library="AppiumLibrary">
<arg>${BUTTON_1}</arg>
<doc>Waits until element specified with `locator` appears on current page.</doc>
<status status="PASS" starttime="20210814 11:40:50.258" endtime="20210814 11:40:50.430"/>
</kw>
<msg timestamp="20210814 11:40:50.430" level="INFO">${result} = True</msg>
<status status="PASS" starttime="20210814 11:40:50.257" endtime="20210814 11:40:50.430"/>
</kw>
<kw name="Run Keyword Unless" library="BuiltIn">
<arg>${result}</arg>
<arg>fail</arg>
<arg>Button space not present....</arg>
<doc>Runs the given keyword with the given arguments if ``condition`` is false.</doc>
<status status="PASS" starttime="20210814 11:40:50.430" endtime="20210814 11:40:50.431"/>
</kw>
<kw name="Run Process" library="Process">
<arg>adb -s ${variable} shell input keyevent 23</arg>
<arg>shell==true</arg>
<doc>Runs a process and waits for it to complete.</doc>
<msg timestamp="20210814 11:40:50.432" level="INFO">Starting process:
adb -s emulator-5554 shell input keyevent 23</msg>
<msg timestamp="20210814 11:40:50.436" level="INFO">Waiting for process to complete.</msg>
<msg timestamp="20210814 11:40:51.551" level="INFO">Process completed.</msg>
<status status="PASS" starttime="20210814 11:40:50.431" endtime="20210814 11:40:51.551"/>
</kw>
<status status="PASS" starttime="20210814 11:40:50.256" endtime="20210814 11:40:51.552"/>
</kw>
<status status="PASS" starttime="20210814 11:40:50.255" endtime="20210814 11:40:51.552"/>
</kw>
<status status="PASS" starttime="20210814 11:40:50.245" endtime="20210814 11:40:51.552"/>
</iter>
<status status="PASS" starttime="20210814 11:40:46.440" endtime="20210814 11:40:51.552"/>
</for>
<status status="PASS" starttime="20210814 11:40:46.435" endtime="20210814 11:40:51.553"/>
</kw>
<kw name="Sleep" library="BuiltIn">
<arg>4</arg>
<doc>Pauses the test executed for the given time.</doc>
<msg timestamp="20210814 11:40:55.554" level="INFO">Slept 4 seconds</msg>
<status status="PASS" starttime="20210814 11:40:51.553" endtime="20210814 11:40:55.554"/>
</kw>
<kw name="Run Keyword And Return Status" library="BuiltIn">
<var>${result}</var>
<arg>Wait Until Page Contains Element</arg>
<arg>${SONY_LIV_TO_GETIN_BUTTON}</arg>
<doc>Runs the given keyword with given arguments and returns the status as a Boolean value.</doc>
<kw name="Wait Until Page Contains Element" library="AppiumLibrary">
<arg>${SONY_LIV_TO_GETIN_BUTTON}</arg>
<doc>Waits until element specified with `locator` appears on current page.</doc>
<status status="PASS" starttime="20210814 11:40:55.555" endtime="20210814 11:40:55.675"/>
</kw>
<msg timestamp="20210814 11:40:55.675" level="INFO">${result} = True</msg>
<status status="PASS" starttime="20210814 11:40:55.555" endtime="20210814 11:40:55.675"/>
</kw>
<kw name="Run Keyword If" library="BuiltIn">
<arg>${result}</arg>
<arg>Click Element</arg>
<arg>${SONY_LIV_TO_GETIN_BUTTON}</arg>
<doc>Runs the given keyword with the given arguments, if ``condition`` is true.</doc>
<kw name="Click Element" library="AppiumLibrary">
<arg>${SONY_LIV_TO_GETIN_BUTTON}</arg>
<doc>Click element identified by `locator`.</doc>
<msg timestamp="20210814 11:40:55.695" level="INFO">Clicking element '//*[@text='Get In']'.</msg>
<status status="PASS" starttime="20210814 11:40:55.676" endtime="20210814 11:40:55.989"/>
</kw>
<status status="PASS" starttime="20210814 11:40:55.676" endtime="20210814 11:40:55.990"/>
</kw>
<kw name="Run Keyword If" library="BuiltIn">
<arg>${result}</arg>
<arg>press keycode</arg>
<arg>23</arg>
<doc>Runs the given keyword with the given arguments, if ``condition`` is true.</doc>
<kw name="Press Keycode" library="AppiumLibrary">
<arg>23</arg>
<doc>Sends a press of keycode to the device.</doc>
<status status="PASS" starttime="20210814 11:40:55.991" endtime="20210814 11:40:56.656"/>
</kw>
<status status="PASS" starttime="20210814 11:40:55.990" endtime="20210814 11:40:56.657"/>
</kw>
<kw name="Run Keyword Unless" library="BuiltIn">
<arg>${result}</arg>
<arg>fail</arg>
<arg>No Getin Button present..</arg>
<doc>Runs the given keyword with the given arguments if ``condition`` is false.</doc>
<status status="PASS" starttime="20210814 11:40:56.657" endtime="20210814 11:40:56.658"/>
</kw>
<status status="PASS" starttime="20210814 11:40:46.435" endtime="20210814 11:40:56.658"/>
</kw>
<kw name="Log To Console" library="BuiltIn">
<arg>Signed in Successfully Using Liv Special+ User</arg>
<doc>Logs the given message to the console.</doc>
<status status="PASS" starttime="20210814 11:40:56.659" endtime="20210814 11:40:56.659"/>
</kw>
<kw name="ENABLING LEFT MENU" library="GenericFunction">
<kw name="Set Variable" library="BuiltIn">
<var>${result}</var>
<arg>False</arg>
<doc>Returns the given values which can then be assigned to a variables.</doc>
<msg timestamp="20210814 11:40:56.663" level="INFO">${result} = False</msg>
<status status="PASS" starttime="20210814 11:40:56.663" endtime="20210814 11:40:56.663"/>
</kw>
<for flavor="IN RANGE">
<var>${i}</var>
<value>0</value>
<value>30</value>
<iter>
<var name="${i}">0</var>
<kw name="Run Keyword And Return Status" library="BuiltIn">
<var>${result}</var>
<arg>wait until page contains element</arg>
<arg>${SONY_LIV_TO_HOME_BUTTON}</arg>
<arg>timeout=2</arg>
<doc>Runs the given keyword with given arguments and returns the status as a Boolean value.</doc>
<kw name="Wait Until Page Contains Element" library="AppiumLibrary">
<arg>${SONY_LIV_TO_HOME_BUTTON}</arg>
<arg>timeout=2</arg>
<doc>Waits until element specified with `locator` appears on current page.</doc>
<kw name="Capture Page Screenshot" library="AppiumLibrary">
<doc>Takes a screenshot of the current page and embeds it into the log.</doc>
<msg timestamp="20210814 11:41:01.850" level="INFO" html="true">&lt;/td&gt;&lt;/tr&gt;&lt;tr&gt;&lt;td colspan="3"&gt;&lt;a href="appium-screenshot-2.png"&gt;&lt;img src="appium-screenshot-2.png" width="800px"&gt;&lt;/a&gt;</msg>
<status status="PASS" starttime="20210814 11:40:58.999" endtime="20210814 11:41:01.850"/>
</kw>
<msg timestamp="20210814 11:41:01.852" level="FAIL">Element '//*[@text='Home']' did not appear in 2 seconds</msg>
<status status="FAIL" starttime="20210814 11:40:56.665" endtime="20210814 11:41:01.852"/>
</kw>
<msg timestamp="20210814 11:41:01.852" level="INFO">${result} = False</msg>
<status status="PASS" starttime="20210814 11:40:56.664" endtime="20210814 11:41:01.853"/>
</kw>
<kw name="Run Keyword If" library="BuiltIn">
<arg>${result}</arg>
<arg>log to console</arg>
<arg>Menu Enabled</arg>
<doc>Runs the given keyword with the given arguments, if ``condition`` is true.</doc>
<status status="PASS" starttime="20210814 11:41:01.853" endtime="20210814 11:41:01.854"/>
</kw>
<kw name="Exit For Loop If" library="BuiltIn">
<arg>'${result}'=='True'</arg>
<doc>Stops executing the enclosing for loop if the ``condition`` is true.</doc>
<status status="PASS" starttime="20210814 11:41:01.854" endtime="20210814 11:41:01.855"/>
</kw>
<kw name="Press Keycode" library="AppiumLibrary">
<arg>21</arg>
<doc>Sends a press of keycode to the device.</doc>
<status status="PASS" starttime="20210814 11:41:01.855" endtime="20210814 11:41:03.992"/>
</kw>
<kw name="Press Keycode" library="AppiumLibrary">
<arg>21</arg>
<doc>Sends a press of keycode to the device.</doc>
<status status="PASS" starttime="20210814 11:41:03.992" endtime="20210814 11:41:05.291"/>
</kw>
<kw name="Press Keycode" library="AppiumLibrary">
<arg>21</arg>
<doc>Sends a press of keycode to the device.</doc>
<status status="PASS" starttime="20210814 11:41:05.292" endtime="20210814 11:41:05.809"/>
</kw>
<status status="PASS" starttime="20210814 11:40:56.664" endtime="20210814 11:41:05.809"/>
</iter>
<iter>
<var name="${i}">1</var>
<kw name="Run Keyword And Return Status" library="BuiltIn">
<var>${result}</var>
<arg>wait until page contains element</arg>
<arg>${SONY_LIV_TO_HOME_BUTTON}</arg>
<arg>timeout=2</arg>
<doc>Runs the given keyword with given arguments and returns the status as a Boolean value.</doc>
<kw name="Wait Until Page Contains Element" library="AppiumLibrary">
<arg>${SONY_LIV_TO_HOME_BUTTON}</arg>
<arg>timeout=2</arg>
<doc>Waits until element specified with `locator` appears on current page.</doc>
<status status="PASS" starttime="20210814 11:41:05.811" endtime="20210814 11:41:06.029"/>
</kw>
<msg timestamp="20210814 11:41:06.029" level="INFO">${result} = True</msg>
<status status="PASS" starttime="20210814 11:41:05.810" endtime="20210814 11:41:06.029"/>
</kw>
<kw name="Run Keyword If" library="BuiltIn">
<arg>${result}</arg>
<arg>log to console</arg>
<arg>Menu Enabled</arg>
<doc>Runs the given keyword with the given arguments, if ``condition`` is true.</doc>
<kw name="Log To Console" library="BuiltIn">
<arg>Menu Enabled</arg>
<doc>Logs the given message to the console.</doc>
<status status="PASS" starttime="20210814 11:41:06.030" endtime="20210814 11:41:06.031"/>
</kw>
<status status="PASS" starttime="20210814 11:41:06.030" endtime="20210814 11:41:06.031"/>
</kw>
<kw name="Exit For Loop If" library="BuiltIn">
<arg>'${result}'=='True'</arg>
<doc>Stops executing the enclosing for loop if the ``condition`` is true.</doc>
<msg timestamp="20210814 11:41:06.033" level="INFO">Exiting for loop altogether.</msg>
<status status="PASS" starttime="20210814 11:41:06.032" endtime="20210814 11:41:06.034"/>
</kw>
<status status="PASS" starttime="20210814 11:41:05.810" endtime="20210814 11:41:06.034"/>
</iter>
<status status="PASS" starttime="20210814 11:40:56.663" endtime="20210814 11:41:06.034"/>
</for>
<status status="PASS" starttime="20210814 11:40:56.662" endtime="20210814 11:41:06.034"/>
</kw>
<kw name="Scroll by swipe down and Click" library="GenericFunction">
<arg>${SONY_LIV_TO_SETTING_BUTTON}</arg>
<kw name="Set Variable" library="BuiltIn">
<var>${result}</var>
<arg>False</arg>
<doc>Returns the given values which can then be assigned to a variables.</doc>
<msg timestamp="20210814 11:41:06.037" level="INFO">${result} = False</msg>
<status status="PASS" starttime="20210814 11:41:06.036" endtime="20210814 11:41:06.037"/>
</kw>
<for flavor="IN RANGE">
<var>${i}</var>
<value>0</value>
<value>10</value>
<iter>
<var name="${i}">0</var>
<kw name="Run Keyword And Return Status" library="BuiltIn">
<var>${result}</var>
<arg>Wait Until Page Contains Element</arg>
<arg>${variable}</arg>
<arg>timeout=2</arg>
<doc>Runs the given keyword with given arguments and returns the status as a Boolean value.</doc>
<kw name="Wait Until Page Contains Element" library="AppiumLibrary">
<arg>${variable}</arg>
<arg>timeout=2</arg>
<doc>Waits until element specified with `locator` appears on current page.</doc>
<kw name="Capture Page Screenshot" library="AppiumLibrary">
<doc>Takes a screenshot of the current page and embeds it into the log.</doc>
<msg timestamp="20210814 11:41:09.637" level="INFO" html="true">&lt;/td&gt;&lt;/tr&gt;&lt;tr&gt;&lt;td colspan="3"&gt;&lt;a href="appium-screenshot-3.png"&gt;&lt;img src="appium-screenshot-3.png" width="800px"&gt;&lt;/a&gt;</msg>
<status status="PASS" starttime="20210814 11:41:08.394" endtime="20210814 11:41:09.637"/>
</kw>
<msg timestamp="20210814 11:41:09.639" level="FAIL">Element '//*[@text='Settings']' did not appear in 2 seconds</msg>
<status status="FAIL" starttime="20210814 11:41:06.038" endtime="20210814 11:41:09.639"/>
</kw>
<msg timestamp="20210814 11:41:09.639" level="INFO">${result} = False</msg>
<status status="PASS" starttime="20210814 11:41:06.038" endtime="20210814 11:41:09.639"/>
</kw>
<kw name="Run Keyword If" library="BuiltIn">
<arg>${result}</arg>
<arg>Click Element</arg>
<arg>${variable}</arg>
<doc>Runs the given keyword with the given arguments, if ``condition`` is true.</doc>
<status status="PASS" starttime="20210814 11:41:09.639" endtime="20210814 11:41:09.640"/>
</kw>
<kw name="Exit For Loop If" library="BuiltIn">
<arg>'${result}'=='True'</arg>
<doc>Stops executing the enclosing for loop if the ``condition`` is true.</doc>
<status status="PASS" starttime="20210814 11:41:09.640" endtime="20210814 11:41:09.641"/>
</kw>
<kw name="Press Keycode" library="AppiumLibrary">
<arg>20</arg>
<doc>Sends a press of keycode to the device.</doc>
<status status="PASS" starttime="20210814 11:41:09.641" endtime="20210814 11:41:09.972"/>
</kw>
<kw name="Sleep" library="BuiltIn">
<arg>1</arg>
<doc>Pauses the test executed for the given time.</doc>
<msg timestamp="20210814 11:41:10.973" level="INFO">Slept 1 second</msg>
<status status="PASS" starttime="20210814 11:41:09.972" endtime="20210814 11:41:10.973"/>
</kw>
<status status="PASS" starttime="20210814 11:41:06.037" endtime="20210814 11:41:10.974"/>
</iter>
<iter>
<var name="${i}">1</var>
<kw name="Run Keyword And Return Status" library="BuiltIn">
<var>${result}</var>
<arg>Wait Until Page Contains Element</arg>
<arg>${variable}</arg>
<arg>timeout=2</arg>
<doc>Runs the given keyword with given arguments and returns the status as a Boolean value.</doc>
<kw name="Wait Until Page Contains Element" library="AppiumLibrary">
<arg>${variable}</arg>
<arg>timeout=2</arg>
<doc>Waits until element specified with `locator` appears on current page.</doc>
<kw name="Capture Page Screenshot" library="AppiumLibrary">
<doc>Takes a screenshot of the current page and embeds it into the log.</doc>
<msg timestamp="20210814 11:41:15.084" level="INFO" html="true">&lt;/td&gt;&lt;/tr&gt;&lt;tr&gt;&lt;td colspan="3"&gt;&lt;a href="appium-screenshot-4.png"&gt;&lt;img src="appium-screenshot-4.png" width="800px"&gt;&lt;/a&gt;</msg>
<status status="PASS" starttime="20210814 11:41:13.144" endtime="20210814 11:41:15.085"/>
</kw>
<msg timestamp="20210814 11:41:15.086" level="FAIL">Element '//*[@text='Settings']' did not appear in 2 seconds</msg>
<status status="FAIL" starttime="20210814 11:41:10.975" endtime="20210814 11:41:15.086"/>
</kw>
<msg timestamp="20210814 11:41:15.087" level="INFO">${result} = False</msg>
<status status="PASS" starttime="20210814 11:41:10.974" endtime="20210814 11:41:15.087"/>
</kw>
<kw name="Run Keyword If" library="BuiltIn">
<arg>${result}</arg>
<arg>Click Element</arg>
<arg>${variable}</arg>
<doc>Runs the given keyword with the given arguments, if ``condition`` is true.</doc>
<status status="PASS" starttime="20210814 11:41:15.087" endtime="20210814 11:41:15.088"/>
</kw>
<kw name="Exit For Loop If" library="BuiltIn">
<arg>'${result}'=='True'</arg>
<doc>Stops executing the enclosing for loop if the ``condition`` is true.</doc>
<status status="PASS" starttime="20210814 11:41:15.088" endtime="20210814 11:41:15.089"/>
</kw>
<kw name="Press Keycode" library="AppiumLibrary">
<arg>20</arg>
<doc>Sends a press of keycode to the device.</doc>
<status status="PASS" starttime="20210814 11:41:15.089" endtime="20210814 11:41:15.594"/>
</kw>
<kw name="Sleep" library="BuiltIn">
<arg>1</arg>
<doc>Pauses the test executed for the given time.</doc>
<msg timestamp="20210814 11:41:16.595" level="INFO">Slept 1 second</msg>
<status status="PASS" starttime="20210814 11:41:15.594" endtime="20210814 11:41:16.595"/>
</kw>
<status status="PASS" starttime="20210814 11:41:10.974" endtime="20210814 11:41:16.596"/>
</iter>
<iter>
<var name="${i}">2</var>
<kw name="Run Keyword And Return Status" library="BuiltIn">
<var>${result}</var>
<arg>Wait Until Page Contains Element</arg>
<arg>${variable}</arg>
<arg>timeout=2</arg>
<doc>Runs the given keyword with given arguments and returns the status as a Boolean value.</doc>
<kw name="Wait Until Page Contains Element" library="AppiumLibrary">
<arg>${variable}</arg>
<arg>timeout=2</arg>
<doc>Waits until element specified with `locator` appears on current page.</doc>
<kw name="Capture Page Screenshot" library="AppiumLibrary">
<doc>Takes a screenshot of the current page and embeds it into the log.</doc>
<msg timestamp="20210814 11:41:20.260" level="INFO" html="true">&lt;/td&gt;&lt;/tr&gt;&lt;tr&gt;&lt;td colspan="3"&gt;&lt;a href="appium-screenshot-5.png"&gt;&lt;img src="appium-screenshot-5.png" width="800px"&gt;&lt;/a&gt;</msg>
<status status="PASS" starttime="20210814 11:41:18.857" endtime="20210814 11:41:20.260"/>
</kw>
<msg timestamp="20210814 11:41:20.262" level="FAIL">Element '//*[@text='Settings']' did not appear in 2 seconds</msg>
<status status="FAIL" starttime="20210814 11:41:16.597" endtime="20210814 11:41:20.262"/>
</kw>
<msg timestamp="20210814 11:41:20.262" level="INFO">${result} = False</msg>
<status status="PASS" starttime="20210814 11:41:16.596" endtime="20210814 11:41:20.262"/>
</kw>
<kw name="Run Keyword If" library="BuiltIn">
<arg>${result}</arg>
<arg>Click Element</arg>
<arg>${variable}</arg>
<doc>Runs the given keyword with the given arguments, if ``condition`` is true.</doc>
<status status="PASS" starttime="20210814 11:41:20.262" endtime="20210814 11:41:20.263"/>
</kw>
<kw name="Exit For Loop If" library="BuiltIn">
<arg>'${result}'=='True'</arg>
<doc>Stops executing the enclosing for loop if the ``condition`` is true.</doc>
<status status="PASS" starttime="20210814 11:41:20.263" endtime="20210814 11:41:20.264"/>
</kw>
<kw name="Press Keycode" library="AppiumLibrary">
<arg>20</arg>
<doc>Sends a press of keycode to the device.</doc>
<status status="PASS" starttime="20210814 11:41:20.264" endtime="20210814 11:41:20.671"/>
</kw>
<kw name="Sleep" library="BuiltIn">
<arg>1</arg>
<doc>Pauses the test executed for the given time.</doc>
<msg timestamp="20210814 11:41:21.672" level="INFO">Slept 1 second</msg>
<status status="PASS" starttime="20210814 11:41:20.671" endtime="20210814 11:41:21.672"/>
</kw>
<status status="PASS" starttime="20210814 11:41:16.596" endtime="20210814 11:41:21.673"/>
</iter>
<iter>
<var name="${i}">3</var>
<kw name="Run Keyword And Return Status" library="BuiltIn">
<var>${result}</var>
<arg>Wait Until Page Contains Element</arg>
<arg>${variable}</arg>
<arg>timeout=2</arg>
<doc>Runs the given keyword with given arguments and returns the status as a Boolean value.</doc>
<kw name="Wait Until Page Contains Element" library="AppiumLibrary">
<arg>${variable}</arg>
<arg>timeout=2</arg>
<doc>Waits until element specified with `locator` appears on current page.</doc>
<status status="PASS" starttime="20210814 11:41:21.674" endtime="20210814 11:41:21.775"/>
</kw>
<msg timestamp="20210814 11:41:21.775" level="INFO">${result} = True</msg>
<status status="PASS" starttime="20210814 11:41:21.673" endtime="20210814 11:41:21.775"/>
</kw>
<kw name="Run Keyword If" library="BuiltIn">
<arg>${result}</arg>
<arg>Click Element</arg>
<arg>${variable}</arg>
<doc>Runs the given keyword with the given arguments, if ``condition`` is true.</doc>
<kw name="Click Element" library="AppiumLibrary">
<arg>${variable}</arg>
<doc>Click element identified by `locator`.</doc>
<msg timestamp="20210814 11:41:21.798" level="INFO">Clicking element '//*[@text='Settings']'.</msg>
<status status="PASS" starttime="20210814 11:41:21.776" endtime="20210814 11:41:22.157"/>
</kw>
<status status="PASS" starttime="20210814 11:41:21.775" endtime="20210814 11:41:22.158"/>
</kw>
<kw name="Exit For Loop If" library="BuiltIn">
<arg>'${result}'=='True'</arg>
<doc>Stops executing the enclosing for loop if the ``condition`` is true.</doc>
<msg timestamp="20210814 11:41:22.159" level="INFO">Exiting for loop altogether.</msg>
<status status="PASS" starttime="20210814 11:41:22.158" endtime="20210814 11:41:22.159"/>
</kw>
<status status="PASS" starttime="20210814 11:41:21.673" endtime="20210814 11:41:22.160"/>
</iter>
<status status="PASS" starttime="20210814 11:41:06.037" endtime="20210814 11:41:22.160"/>
</for>
<kw name="Run Keyword If" library="BuiltIn">
<arg>${result}</arg>
<arg>log to console</arg>
<arg>${variable} Content Found...</arg>
<doc>Runs the given keyword with the given arguments, if ``condition`` is true.</doc>
<kw name="Log To Console" library="BuiltIn">
<arg>${variable} Content Found...</arg>
<doc>Logs the given message to the console.</doc>
<status status="PASS" starttime="20210814 11:41:22.161" endtime="20210814 11:41:22.162"/>
</kw>
<status status="PASS" starttime="20210814 11:41:22.160" endtime="20210814 11:41:22.163"/>
</kw>
<kw name="Run Keyword Unless" library="BuiltIn">
<arg>${result}</arg>
<arg>Fail</arg>
<arg>${variable} COntent not-found...</arg>
<doc>Runs the given keyword with the given arguments if ``condition`` is false.</doc>
<status status="PASS" starttime="20210814 11:41:22.163" endtime="20210814 11:41:22.164"/>
</kw>
<for flavor="IN RANGE">
<var>${i}</var>
<value>0</value>
<value>4</value>
<iter>
<var name="${i}">0</var>
<kw name="Run Keyword And Return Status" library="BuiltIn">
<var>${result}</var>
<arg>Wait Until Page Contains Element</arg>
<arg>${variable}</arg>
<arg>timeout=2</arg>
<doc>Runs the given keyword with given arguments and returns the status as a Boolean value.</doc>
<kw name="Wait Until Page Contains Element" library="AppiumLibrary">
<arg>${variable}</arg>
<arg>timeout=2</arg>
<doc>Waits until element specified with `locator` appears on current page.</doc>
<status status="PASS" starttime="20210814 11:41:22.166" endtime="20210814 11:41:24.182"/>
</kw>
<msg timestamp="20210814 11:41:24.182" level="INFO">${result} = True</msg>
<status status="PASS" starttime="20210814 11:41:22.165" endtime="20210814 11:41:24.182"/>
</kw>
<kw name="Run Keyword If" library="BuiltIn">
<arg>${result}</arg>
<arg>Click Element</arg>
<arg>${variable}</arg>
<doc>Runs the given keyword with the given arguments, if ``condition`` is true.</doc>
<kw name="Click Element" library="AppiumLibrary">
<arg>${variable}</arg>
<doc>Click element identified by `locator`.</doc>
<msg timestamp="20210814 11:41:24.208" level="INFO">Clicking element '//*[@text='Settings']'.</msg>
<status status="PASS" starttime="20210814 11:41:24.184" endtime="20210814 11:41:25.692"/>
</kw>
<status status="PASS" starttime="20210814 11:41:24.183" endtime="20210814 11:41:25.693"/>
</kw>
<kw name="Exit For Loop If" library="BuiltIn">
<arg>'${result}'=='True'</arg>
<doc>Stops executing the enclosing for loop if the ``condition`` is true.</doc>
<msg timestamp="20210814 11:41:25.694" level="INFO">Exiting for loop altogether.</msg>
<status status="PASS" starttime="20210814 11:41:25.693" endtime="20210814 11:41:25.695"/>
</kw>
<status status="PASS" starttime="20210814 11:41:22.164" endtime="20210814 11:41:25.695"/>
</iter>
<status status="PASS" starttime="20210814 11:41:22.164" endtime="20210814 11:41:25.695"/>
</for>
<kw name="Run Keyword If" library="BuiltIn">
<arg>${result}</arg>
<arg>log to console</arg>
<arg>${variable} Content Found...</arg>
<doc>Runs the given keyword with the given arguments, if ``condition`` is true.</doc>
<kw name="Log To Console" library="BuiltIn">
<arg>${variable} Content Found...</arg>
<doc>Logs the given message to the console.</doc>
<status status="PASS" starttime="20210814 11:41:25.696" endtime="20210814 11:41:25.700"/>
</kw>
<status status="PASS" starttime="20210814 11:41:25.695" endtime="20210814 11:41:25.700"/>
</kw>
<kw name="Run Keyword Unless" library="BuiltIn">
<arg>${result}</arg>
<arg>Fail</arg>
<arg>${variable} COntent not-found...</arg>
<doc>Runs the given keyword with the given arguments if ``condition`` is false.</doc>
<status status="PASS" starttime="20210814 11:41:25.701" endtime="20210814 11:41:25.702"/>
</kw>
<status status="PASS" starttime="20210814 11:41:06.035" endtime="20210814 11:41:25.702"/>
</kw>
<kw name="Log To Console" library="BuiltIn">
<arg>Setting Button Opened</arg>
<doc>Logs the given message to the console.</doc>
<status status="PASS" starttime="20210814 11:41:25.703" endtime="20210814 11:41:25.703"/>
</kw>
<kw name="Sleep" library="BuiltIn">
<arg>5</arg>
<doc>Pauses the test executed for the given time.</doc>
<msg timestamp="20210814 11:41:30.715" level="INFO">Slept 5 seconds</msg>
<status status="PASS" starttime="20210814 11:41:25.704" endtime="20210814 11:41:30.715"/>
</kw>
<kw name="Close Application" library="AppiumLibrary">
<doc>Closes the current application and also close webdriver session.</doc>
<status status="PASS" starttime="20210814 11:41:30.733" endtime="20210814 11:41:32.031"/>
</kw>
<kw name="Run Keyword If Test Failed" library="BuiltIn" type="TEARDOWN">
<arg>TEST TEARDOWN</arg>
<arg>${img_no}</arg>
<doc>Runs the given keyword with the given arguments, if the test failed.</doc>
<status status="PASS" starttime="20210814 11:41:32.041" endtime="20210814 11:41:32.043"/>
</kw>
<tag>pass</tag>
<status status="PASS" starttime="20210814 11:39:44.007" endtime="20210814 11:41:32.044"/>
</test>
<test id="s1-t2" name="TC_122 : Validate Device Management Button">
<kw name="Set Variable" library="BuiltIn">
<var>${img_no}</var>
<arg>122</arg>
<doc>Returns the given values which can then be assigned to a variables.</doc>
<msg timestamp="20210814 11:41:32.063" level="INFO">${img_no} = 122</msg>
<status status="PASS" starttime="20210814 11:41:32.062" endtime="20210814 11:41:32.063"/>
</kw>
<kw name="Set Global Variable" library="BuiltIn">
<arg>${img_no}</arg>
<doc>Makes a variable available globally in all tests and suites.</doc>
<msg timestamp="20210814 11:41:32.079" level="INFO">${img_no} = 122</msg>
<status status="PASS" starttime="20210814 11:41:32.064" endtime="20210814 11:41:32.079"/>
</kw>
<kw name="Launch Application" library="GenericFunction">
<kw name="Open Application" library="AppiumLibrary">
<arg>${APPIUM_SERVER}</arg>
<arg>platformName=android</arg>
<arg>deviceName=${TEST_DEVICE}</arg>
<arg>udid=${TEST_DEVICE}</arg>
<arg>appActivity=${APP_ACTIVITY}</arg>
<arg>appPackage=${APP_PACKAGE}</arg>
<arg>usePrebuiltWDA=true</arg>
<arg>fullReset=false</arg>
<arg>newCommandTimeout=60000</arg>
<arg>wdaConnectionTimeout=6000</arg>
<arg>clearSystemFiles=true</arg>
<arg>useNewWDA=false</arg>
<doc>Opens a new application to given Appium server.
Capabilities of appium server, Android and iOS,
Please check https://github.com/appium/appium/blob/master/docs/en/writing-running-appium/server-args.md
| *Option*            | *Man.* | *Description*     |
| remote_url          | Yes    | Appium server url |
| alias               | no     | alias             |</doc>
<status status="PASS" starttime="20210814 11:41:32.085" endtime="20210814 11:41:44.445"/>
</kw>
<kw name="Sleep" library="BuiltIn">
<arg>5</arg>
<doc>Pauses the test executed for the given time.</doc>
<msg timestamp="20210814 11:41:49.447" level="INFO">Slept 5 seconds</msg>
<status status="PASS" starttime="20210814 11:41:44.445" endtime="20210814 11:41:49.447"/>
</kw>
<kw name="Log To Console" library="BuiltIn">
<arg>Application Launched Successfully....</arg>
<doc>Logs the given message to the console.</doc>
<status status="PASS" starttime="20210814 11:41:49.447" endtime="20210814 11:41:49.448"/>
</kw>
<status status="PASS" starttime="20210814 11:41:32.083" endtime="20210814 11:41:49.449"/>
</kw>
<kw name="Sleep" library="BuiltIn">
<arg>10</arg>
<doc>Pauses the test executed for the given time.</doc>
<msg timestamp="20210814 11:41:59.450" level="INFO">Slept 10 seconds</msg>
<status status="PASS" starttime="20210814 11:41:49.450" endtime="20210814 11:41:59.450"/>
</kw>
<kw name="ENABLING LEFT MENU" library="GenericFunction">
<kw name="Set Variable" library="BuiltIn">
<var>${result}</var>
<arg>False</arg>
<doc>Returns the given values which can then be assigned to a variables.</doc>
<msg timestamp="20210814 11:41:59.453" level="INFO">${result} = False</msg>
<status status="PASS" starttime="20210814 11:41:59.452" endtime="20210814 11:41:59.453"/>
</kw>
<for flavor="IN RANGE">
<var>${i}</var>
<value>0</value>
<value>30</value>
<iter>
<var name="${i}">0</var>
<kw name="Run Keyword And Return Status" library="BuiltIn">
<var>${result}</var>
<arg>wait until page contains element</arg>
<arg>${SONY_LIV_TO_HOME_BUTTON}</arg>
<arg>timeout=2</arg>
<doc>Runs the given keyword with given arguments and returns the status as a Boolean value.</doc>
<kw name="Wait Until Page Contains Element" library="AppiumLibrary">
<arg>${SONY_LIV_TO_HOME_BUTTON}</arg>
<arg>timeout=2</arg>
<doc>Waits until element specified with `locator` appears on current page.</doc>
<kw name="Capture Page Screenshot" library="AppiumLibrary">
<doc>Takes a screenshot of the current page and embeds it into the log.</doc>
<msg timestamp="20210814 11:42:03.057" level="INFO" html="true">&lt;/td&gt;&lt;/tr&gt;&lt;tr&gt;&lt;td colspan="3"&gt;&lt;a href="appium-screenshot-6.png"&gt;&lt;img src="appium-screenshot-6.png" width="800px"&gt;&lt;/a&gt;</msg>
<status status="PASS" starttime="20210814 11:42:01.614" endtime="20210814 11:42:03.058"/>
</kw>
<msg timestamp="20210814 11:42:03.059" level="FAIL">Element '//*[@text='Home']' did not appear in 2 seconds</msg>
<status status="FAIL" starttime="20210814 11:41:59.454" endtime="20210814 11:42:03.059"/>
</kw>
<msg timestamp="20210814 11:42:03.060" level="INFO">${result} = False</msg>
<status status="PASS" starttime="20210814 11:41:59.454" endtime="20210814 11:42:03.060"/>
</kw>
<kw name="Run Keyword If" library="BuiltIn">
<arg>${result}</arg>
<arg>log to console</arg>
<arg>Menu Enabled</arg>
<doc>Runs the given keyword with the given arguments, if ``condition`` is true.</doc>
<status status="PASS" starttime="20210814 11:42:03.060" endtime="20210814 11:42:03.060"/>
</kw>
<kw name="Exit For Loop If" library="BuiltIn">
<arg>'${result}'=='True'</arg>
<doc>Stops executing the enclosing for loop if the ``condition`` is true.</doc>
<status status="PASS" starttime="20210814 11:42:03.061" endtime="20210814 11:42:03.061"/>
</kw>
<kw name="Press Keycode" library="AppiumLibrary">
<arg>21</arg>
<doc>Sends a press of keycode to the device.</doc>
<status status="PASS" starttime="20210814 11:42:03.062" endtime="20210814 11:42:03.751"/>
</kw>
<kw name="Press Keycode" library="AppiumLibrary">
<arg>21</arg>
<doc>Sends a press of keycode to the device.</doc>
<status status="PASS" starttime="20210814 11:42:03.751" endtime="20210814 11:42:05.282"/>
</kw>
<kw name="Press Keycode" library="AppiumLibrary">
<arg>21</arg>
<doc>Sends a press of keycode to the device.</doc>
<status status="PASS" starttime="20210814 11:42:05.283" endtime="20210814 11:42:06.089"/>
</kw>
<status status="PASS" starttime="20210814 11:41:59.453" endtime="20210814 11:42:06.089"/>
</iter>
<iter>
<var name="${i}">1</var>
<kw name="Run Keyword And Return Status" library="BuiltIn">
<var>${result}</var>
<arg>wait until page contains element</arg>
<arg>${SONY_LIV_TO_HOME_BUTTON}</arg>
<arg>timeout=2</arg>
<doc>Runs the given keyword with given arguments and returns the status as a Boolean value.</doc>
<kw name="Wait Until Page Contains Element" library="AppiumLibrary">
<arg>${SONY_LIV_TO_HOME_BUTTON}</arg>
<arg>timeout=2</arg>
<doc>Waits until element specified with `locator` appears on current page.</doc>
<status status="PASS" starttime="20210814 11:42:06.090" endtime="20210814 11:42:06.225"/>
</kw>
<msg timestamp="20210814 11:42:06.225" level="INFO">${result} = True</msg>
<status status="PASS" starttime="20210814 11:42:06.089" endtime="20210814 11:42:06.225"/>
</kw>
<kw name="Run Keyword If" library="BuiltIn">
<arg>${result}</arg>
<arg>log to console</arg>
<arg>Menu Enabled</arg>
<doc>Runs the given keyword with the given arguments, if ``condition`` is true.</doc>
<kw name="Log To Console" library="BuiltIn">
<arg>Menu Enabled</arg>
<doc>Logs the given message to the console.</doc>
<status status="PASS" starttime="20210814 11:42:06.226" endtime="20210814 11:42:06.227"/>
</kw>
<status status="PASS" starttime="20210814 11:42:06.226" endtime="20210814 11:42:06.227"/>
</kw>
<kw name="Exit For Loop If" library="BuiltIn">
<arg>'${result}'=='True'</arg>
<doc>Stops executing the enclosing for loop if the ``condition`` is true.</doc>
<msg timestamp="20210814 11:42:06.228" level="INFO">Exiting for loop altogether.</msg>
<status status="PASS" starttime="20210814 11:42:06.227" endtime="20210814 11:42:06.229"/>
</kw>
<status status="PASS" starttime="20210814 11:42:06.089" endtime="20210814 11:42:06.229"/>
</iter>
<status status="PASS" starttime="20210814 11:41:59.453" endtime="20210814 11:42:06.229"/>
</for>
<status status="PASS" starttime="20210814 11:41:59.451" endtime="20210814 11:42:06.229"/>
</kw>
<kw name="SIGNIN MANUALLY BY MOBILE FOR SUBSCRIBED" library="web_res">
<kw name="Run Keyword And Return Status" library="BuiltIn">
<var>${result}</var>
<arg>Wait Until Page Contains Element</arg>
<arg>${SONY_LIV_TO_SIGN_IN_BUTTON}</arg>
<doc>Runs the given keyword with given arguments and returns the status as a Boolean value.</doc>
<kw name="Wait Until Page Contains Element" library="AppiumLibrary">
<arg>${SONY_LIV_TO_SIGN_IN_BUTTON}</arg>
<doc>Waits until element specified with `locator` appears on current page.</doc>
<status status="PASS" starttime="20210814 11:42:06.230" endtime="20210814 11:42:06.330"/>
</kw>
<msg timestamp="20210814 11:42:06.330" level="INFO">${result} = True</msg>
<status status="PASS" starttime="20210814 11:42:06.230" endtime="20210814 11:42:06.330"/>
</kw>
<kw name="Run Keyword If" library="BuiltIn">
<arg>${result}</arg>
<arg>log to console</arg>
<arg>Signin Button Present</arg>
<doc>Runs the given keyword with the given arguments, if ``condition`` is true.</doc>
<kw name="Log To Console" library="BuiltIn">
<arg>Signin Button Present</arg>
<doc>Logs the given message to the console.</doc>
<status status="PASS" starttime="20210814 11:42:06.331" endtime="20210814 11:42:06.331"/>
</kw>
<status status="PASS" starttime="20210814 11:42:06.331" endtime="20210814 11:42:06.332"/>
</kw>
<kw name="Run Keyword Unless" library="BuiltIn">
<arg>${result}</arg>
<arg>Click Element</arg>
<arg>${USER_PROFILE_BUTTON}</arg>
<doc>Runs the given keyword with the given arguments if ``condition`` is false.</doc>
<status status="PASS" starttime="20210814 11:42:06.332" endtime="20210814 11:42:06.333"/>
</kw>
<kw name="Sleep" library="BuiltIn">
<arg>5</arg>
<doc>Pauses the test executed for the given time.</doc>
<msg timestamp="20210814 11:42:11.334" level="INFO">Slept 5 seconds</msg>
<status status="PASS" starttime="20210814 11:42:06.333" endtime="20210814 11:42:11.334"/>
</kw>
<kw name="Run Keyword And Return Status" library="BuiltIn">
<var>${result}</var>
<arg>Click Element</arg>
<arg>${SONY_LIV_TO_SIGN_IN_BUTTON}</arg>
<doc>Runs the given keyword with given arguments and returns the status as a Boolean value.</doc>
<kw name="Click Element" library="AppiumLibrary">
<arg>${SONY_LIV_TO_SIGN_IN_BUTTON}</arg>
<doc>Click element identified by `locator`.</doc>
<msg timestamp="20210814 11:42:11.351" level="INFO">Clicking element '//*[@resource-id='com.sonyliv:id/logoiv']'.</msg>
<status status="PASS" starttime="20210814 11:42:11.335" endtime="20210814 11:42:12.039"/>
</kw>
<msg timestamp="20210814 11:42:12.039" level="INFO">${result} = True</msg>
<status status="PASS" starttime="20210814 11:42:11.335" endtime="20210814 11:42:12.040"/>
</kw>
<kw name="Run Keyword If" library="BuiltIn">
<arg>${result}</arg>
<arg>log to console</arg>
<arg>CLicked on Signin Button</arg>
<doc>Runs the given keyword with the given arguments, if ``condition`` is true.</doc>
<kw name="Log To Console" library="BuiltIn">
<arg>CLicked on Signin Button</arg>
<doc>Logs the given message to the console.</doc>
<status status="PASS" starttime="20210814 11:42:12.041" endtime="20210814 11:42:12.049"/>
</kw>
<status status="PASS" starttime="20210814 11:42:12.040" endtime="20210814 11:42:12.050"/>
</kw>
<kw name="Run Keyword Unless" library="BuiltIn">
<arg>${result}</arg>
<arg>fail</arg>
<arg>Signin button Not Clicked</arg>
<doc>Runs the given keyword with the given arguments if ``condition`` is false.</doc>
<status status="PASS" starttime="20210814 11:42:12.050" endtime="20210814 11:42:12.051"/>
</kw>
<kw name="Sleep" library="BuiltIn">
<arg>2</arg>
<doc>Pauses the test executed for the given time.</doc>
<msg timestamp="20210814 11:42:14.054" level="INFO">Slept 2 seconds</msg>
<status status="PASS" starttime="20210814 11:42:12.051" endtime="20210814 11:42:14.054"/>
</kw>
<kw name="Press Keycode" library="AppiumLibrary">
<arg>66</arg>
<doc>Sends a press of keycode to the device.</doc>
<status status="PASS" starttime="20210814 11:42:14.054" endtime="20210814 11:42:16.188"/>
</kw>
<kw name="Sleep" library="BuiltIn">
<arg>3</arg>
<doc>Pauses the test executed for the given time.</doc>
<msg timestamp="20210814 11:42:19.194" level="INFO">Slept 3 seconds</msg>
<status status="PASS" starttime="20210814 11:42:16.188" endtime="20210814 11:42:19.194"/>
</kw>
<status status="PASS" starttime="20210814 11:42:06.230" endtime="20210814 11:42:19.194"/>
</kw>
<kw name="SELECT 1ST USER IN MULTIPROFILE" library="web_res">
<kw name="Run Keyword And Return Status" library="BuiltIn">
<var>${result}</var>
<arg>Wait Until Page Contains Element</arg>
<arg>${MULTI_PROFILE_1ST_USER}</arg>
<arg>15</arg>
<doc>Runs the given keyword with given arguments and returns the status as a Boolean value.</doc>
<kw name="Wait Until Page Contains Element" library="AppiumLibrary">
<arg>${MULTI_PROFILE_1ST_USER}</arg>
<arg>15</arg>
<doc>Waits until element specified with `locator` appears on current page.</doc>
<status status="PASS" starttime="20210814 11:42:19.208" endtime="20210814 11:42:26.934"/>
</kw>
<msg timestamp="20210814 11:42:26.934" level="INFO">${result} = True</msg>
<status status="PASS" starttime="20210814 11:42:19.207" endtime="20210814 11:42:26.934"/>
</kw>
<kw name="Sleep" library="BuiltIn">
<arg>2</arg>
<doc>Pauses the test executed for the given time.</doc>
<msg timestamp="20210814 11:42:28.937" level="INFO">Slept 2 seconds</msg>
<status status="PASS" starttime="20210814 11:42:26.935" endtime="20210814 11:42:28.937"/>
</kw>
<kw name="Run Keyword If" library="BuiltIn">
<arg>${result}</arg>
<arg>press keycode</arg>
<arg>23</arg>
<doc>Runs the given keyword with the given arguments, if ``condition`` is true.</doc>
<kw name="Press Keycode" library="AppiumLibrary">
<arg>23</arg>
<doc>Sends a press of keycode to the device.</doc>
<status status="PASS" starttime="20210814 11:42:28.938" endtime="20210814 11:42:29.146"/>
</kw>
<status status="PASS" starttime="20210814 11:42:28.937" endtime="20210814 11:42:29.146"/>
</kw>
<kw name="Log To Console" library="BuiltIn">
<arg>profile selected</arg>
<doc>Logs the given message to the console.</doc>
<status status="PASS" starttime="20210814 11:42:29.146" endtime="20210814 11:42:29.147"/>
</kw>
<kw name="Sleep" library="BuiltIn">
<arg>4</arg>
<doc>Pauses the test executed for the given time.</doc>
<msg timestamp="20210814 11:42:33.148" level="INFO">Slept 4 seconds</msg>
<status status="PASS" starttime="20210814 11:42:29.147" endtime="20210814 11:42:33.148"/>
</kw>
<status status="PASS" starttime="20210814 11:42:19.206" endtime="20210814 11:42:33.149"/>
</kw>
<kw name="ENTER PARENTAL PIN" library="web_res">
<arg>${PIN}</arg>
<arg>${TEST_DEVICE}</arg>
<kw name="Enter Pin" library="search">
<arg>${variable}</arg>
<arg>${variable1}</arg>
<kw name="Evaluate" library="BuiltIn">
<var>${str1}</var>
<arg>'${str1}'.upper()</arg>
<doc>Evaluates the given expression in Python and returns the result.</doc>
<msg timestamp="20210814 11:42:33.153" level="INFO">${str1} = 1111</msg>
<status status="PASS" starttime="20210814 11:42:33.152" endtime="20210814 11:42:33.153"/>
</kw>
<kw name="Log To Console" library="BuiltIn">
<arg>${str1}</arg>
<doc>Logs the given message to the console.</doc>
<status status="PASS" starttime="20210814 11:42:33.154" endtime="20210814 11:42:33.155"/>
</kw>
<kw name="Get Length" library="BuiltIn">
<var>${len}</var>
<arg>${str1}</arg>
<doc>Returns and logs the length of the given item as an integer.</doc>
<msg timestamp="20210814 11:42:33.156" level="INFO">Length is 4</msg>
<msg timestamp="20210814 11:42:33.156" level="INFO">${len} = 4</msg>
<status status="PASS" starttime="20210814 11:42:33.155" endtime="20210814 11:42:33.156"/>
</kw>
<for flavor="IN RANGE">
<var>${i}</var>
<value>0</value>
<value>${len}</value>
<iter>
<var name="${i}">0</var>
<kw name="Set Variable" library="BuiltIn">
<var>${str2}</var>
<arg>FUNN_${str1[${i}]}</arg>
<doc>Returns the given values which can then be assigned to a variables.</doc>
<msg timestamp="20210814 11:42:33.164" level="INFO">${str2} = FUNN_1</msg>
<status status="PASS" starttime="20210814 11:42:33.157" endtime="20210814 11:42:33.164"/>
</kw>
<kw name="Log To Console" library="BuiltIn">
<arg>${str2}</arg>
<doc>Logs the given message to the console.</doc>
<status status="PASS" starttime="20210814 11:42:33.165" endtime="20210814 11:42:33.166"/>
</kw>
<kw name="Run Keyword" library="BuiltIn">
<arg>${str2}</arg>
<arg>${variable2}</arg>
<doc>Executes the given keyword with the given arguments.</doc>
<kw name="FUNN_1" library="search">
<arg>${variable2}</arg>
<kw name="Run Keyword And Return Status" library="BuiltIn">
<var>${result}</var>
<arg>Wait Until Page Contains Element</arg>
<arg>${BUTTON_1}</arg>
<doc>Runs the given keyword with given arguments and returns the status as a Boolean value.</doc>
<kw name="Wait Until Page Contains Element" library="AppiumLibrary">
<arg>${BUTTON_1}</arg>
<doc>Waits until element specified with `locator` appears on current page.</doc>
<status status="PASS" starttime="20210814 11:42:33.169" endtime="20210814 11:42:33.272"/>
</kw>
<msg timestamp="20210814 11:42:33.272" level="INFO">${result} = True</msg>
<status status="PASS" starttime="20210814 11:42:33.168" endtime="20210814 11:42:33.272"/>
</kw>
<kw name="Run Keyword Unless" library="BuiltIn">
<arg>${result}</arg>
<arg>fail</arg>
<arg>Button space not present....</arg>
<doc>Runs the given keyword with the given arguments if ``condition`` is false.</doc>
<status status="PASS" starttime="20210814 11:42:33.273" endtime="20210814 11:42:33.274"/>
</kw>
<kw name="Run Process" library="Process">
<arg>adb -s ${variable} shell input keyevent 23</arg>
<arg>shell==true</arg>
<doc>Runs a process and waits for it to complete.</doc>
<msg timestamp="20210814 11:42:33.275" level="INFO">Starting process:
adb -s emulator-5554 shell input keyevent 23</msg>
<msg timestamp="20210814 11:42:33.278" level="INFO">Waiting for process to complete.</msg>
<msg timestamp="20210814 11:42:34.384" level="INFO">Process completed.</msg>
<status status="PASS" starttime="20210814 11:42:33.274" endtime="20210814 11:42:34.384"/>
</kw>
<status status="PASS" starttime="20210814 11:42:33.167" endtime="20210814 11:42:34.384"/>
</kw>
<status status="PASS" starttime="20210814 11:42:33.166" endtime="20210814 11:42:34.384"/>
</kw>
<status status="PASS" starttime="20210814 11:42:33.157" endtime="20210814 11:42:34.384"/>
</iter>
<iter>
<var name="${i}">1</var>
<kw name="Set Variable" library="BuiltIn">
<var>${str2}</var>
<arg>FUNN_${str1[${i}]}</arg>
<doc>Returns the given values which can then be assigned to a variables.</doc>
<msg timestamp="20210814 11:42:34.390" level="INFO">${str2} = FUNN_1</msg>
<status status="PASS" starttime="20210814 11:42:34.385" endtime="20210814 11:42:34.390"/>
</kw>
<kw name="Log To Console" library="BuiltIn">
<arg>${str2}</arg>
<doc>Logs the given message to the console.</doc>
<status status="PASS" starttime="20210814 11:42:34.390" endtime="20210814 11:42:34.391"/>
</kw>
<kw name="Run Keyword" library="BuiltIn">
<arg>${str2}</arg>
<arg>${variable2}</arg>
<doc>Executes the given keyword with the given arguments.</doc>
<kw name="FUNN_1" library="search">
<arg>${variable2}</arg>
<kw name="Run Keyword And Return Status" library="BuiltIn">
<var>${result}</var>
<arg>Wait Until Page Contains Element</arg>
<arg>${BUTTON_1}</arg>
<doc>Runs the given keyword with given arguments and returns the status as a Boolean value.</doc>
<kw name="Wait Until Page Contains Element" library="AppiumLibrary">
<arg>${BUTTON_1}</arg>
<doc>Waits until element specified with `locator` appears on current page.</doc>
<status status="PASS" starttime="20210814 11:42:34.394" endtime="20210814 11:42:34.491"/>
</kw>
<msg timestamp="20210814 11:42:34.491" level="INFO">${result} = True</msg>
<status status="PASS" starttime="20210814 11:42:34.393" endtime="20210814 11:42:34.491"/>
</kw>
<kw name="Run Keyword Unless" library="BuiltIn">
<arg>${result}</arg>
<arg>fail</arg>
<arg>Button space not present....</arg>
<doc>Runs the given keyword with the given arguments if ``condition`` is false.</doc>
<status status="PASS" starttime="20210814 11:42:34.491" endtime="20210814 11:42:34.492"/>
</kw>
<kw name="Run Process" library="Process">
<arg>adb -s ${variable} shell input keyevent 23</arg>
<arg>shell==true</arg>
<doc>Runs a process and waits for it to complete.</doc>
<msg timestamp="20210814 11:42:34.493" level="INFO">Starting process:
adb -s emulator-5554 shell input keyevent 23</msg>
<msg timestamp="20210814 11:42:34.497" level="INFO">Waiting for process to complete.</msg>
<msg timestamp="20210814 11:42:35.451" level="INFO">Process completed.</msg>
<status status="PASS" starttime="20210814 11:42:34.492" endtime="20210814 11:42:35.451"/>
</kw>
<status status="PASS" starttime="20210814 11:42:34.392" endtime="20210814 11:42:35.451"/>
</kw>
<status status="PASS" starttime="20210814 11:42:34.391" endtime="20210814 11:42:35.451"/>
</kw>
<status status="PASS" starttime="20210814 11:42:34.385" endtime="20210814 11:42:35.452"/>
</iter>
<iter>
<var name="${i}">2</var>
<kw name="Set Variable" library="BuiltIn">
<var>${str2}</var>
<arg>FUNN_${str1[${i}]}</arg>
<doc>Returns the given values which can then be assigned to a variables.</doc>
<msg timestamp="20210814 11:42:35.458" level="INFO">${str2} = FUNN_1</msg>
<status status="PASS" starttime="20210814 11:42:35.452" endtime="20210814 11:42:35.458"/>
</kw>
<kw name="Log To Console" library="BuiltIn">
<arg>${str2}</arg>
<doc>Logs the given message to the console.</doc>
<status status="PASS" starttime="20210814 11:42:35.458" endtime="20210814 11:42:35.459"/>
</kw>
<kw name="Run Keyword" library="BuiltIn">
<arg>${str2}</arg>
<arg>${variable2}</arg>
<doc>Executes the given keyword with the given arguments.</doc>
<kw name="FUNN_1" library="search">
<arg>${variable2}</arg>
<kw name="Run Keyword And Return Status" library="BuiltIn">
<var>${result}</var>
<arg>Wait Until Page Contains Element</arg>
<arg>${BUTTON_1}</arg>
<doc>Runs the given keyword with given arguments and returns the status as a Boolean value.</doc>
<kw name="Wait Until Page Contains Element" library="AppiumLibrary">
<arg>${BUTTON_1}</arg>
<doc>Waits until element specified with `locator` appears on current page.</doc>
<status status="PASS" starttime="20210814 11:42:35.462" endtime="20210814 11:42:35.570"/>
</kw>
<msg timestamp="20210814 11:42:35.570" level="INFO">${result} = True</msg>
<status status="PASS" starttime="20210814 11:42:35.461" endtime="20210814 11:42:35.570"/>
</kw>
<kw name="Run Keyword Unless" library="BuiltIn">
<arg>${result}</arg>
<arg>fail</arg>
<arg>Button space not present....</arg>
<doc>Runs the given keyword with the given arguments if ``condition`` is false.</doc>
<status status="PASS" starttime="20210814 11:42:35.571" endtime="20210814 11:42:35.571"/>
</kw>
<kw name="Run Process" library="Process">
<arg>adb -s ${variable} shell input keyevent 23</arg>
<arg>shell==true</arg>
<doc>Runs a process and waits for it to complete.</doc>
<msg timestamp="20210814 11:42:35.572" level="INFO">Starting process:
adb -s emulator-5554 shell input keyevent 23</msg>
<msg timestamp="20210814 11:42:35.576" level="INFO">Waiting for process to complete.</msg>
<msg timestamp="20210814 11:42:36.543" level="INFO">Process completed.</msg>
<status status="PASS" starttime="20210814 11:42:35.571" endtime="20210814 11:42:36.543"/>
</kw>
<status status="PASS" starttime="20210814 11:42:35.460" endtime="20210814 11:42:36.544"/>
</kw>
<status status="PASS" starttime="20210814 11:42:35.459" endtime="20210814 11:42:36.544"/>
</kw>
<status status="PASS" starttime="20210814 11:42:35.452" endtime="20210814 11:42:36.544"/>
</iter>
<iter>
<var name="${i}">3</var>
<kw name="Set Variable" library="BuiltIn">
<var>${str2}</var>
<arg>FUNN_${str1[${i}]}</arg>
<doc>Returns the given values which can then be assigned to a variables.</doc>
<msg timestamp="20210814 11:42:36.551" level="INFO">${str2} = FUNN_1</msg>
<status status="PASS" starttime="20210814 11:42:36.544" endtime="20210814 11:42:36.551"/>
</kw>
<kw name="Log To Console" library="BuiltIn">
<arg>${str2}</arg>
<doc>Logs the given message to the console.</doc>
<status status="PASS" starttime="20210814 11:42:36.551" endtime="20210814 11:42:36.552"/>
</kw>
<kw name="Run Keyword" library="BuiltIn">
<arg>${str2}</arg>
<arg>${variable2}</arg>
<doc>Executes the given keyword with the given arguments.</doc>
<kw name="FUNN_1" library="search">
<arg>${variable2}</arg>
<kw name="Run Keyword And Return Status" library="BuiltIn">
<var>${result}</var>
<arg>Wait Until Page Contains Element</arg>
<arg>${BUTTON_1}</arg>
<doc>Runs the given keyword with given arguments and returns the status as a Boolean value.</doc>
<kw name="Wait Until Page Contains Element" library="AppiumLibrary">
<arg>${BUTTON_1}</arg>
<doc>Waits until element specified with `locator` appears on current page.</doc>
<status status="PASS" starttime="20210814 11:42:36.555" endtime="20210814 11:42:36.646"/>
</kw>
<msg timestamp="20210814 11:42:36.647" level="INFO">${result} = True</msg>
<status status="PASS" starttime="20210814 11:42:36.555" endtime="20210814 11:42:36.647"/>
</kw>
<kw name="Run Keyword Unless" library="BuiltIn">
<arg>${result}</arg>
<arg>fail</arg>
<arg>Button space not present....</arg>
<doc>Runs the given keyword with the given arguments if ``condition`` is false.</doc>
<status status="PASS" starttime="20210814 11:42:36.647" endtime="20210814 11:42:36.648"/>
</kw>
<kw name="Run Process" library="Process">
<arg>adb -s ${variable} shell input keyevent 23</arg>
<arg>shell==true</arg>
<doc>Runs a process and waits for it to complete.</doc>
<msg timestamp="20210814 11:42:36.649" level="INFO">Starting process:
adb -s emulator-5554 shell input keyevent 23</msg>
<msg timestamp="20210814 11:42:36.652" level="INFO">Waiting for process to complete.</msg>
<msg timestamp="20210814 11:42:37.565" level="INFO">Process completed.</msg>
<status status="PASS" starttime="20210814 11:42:36.648" endtime="20210814 11:42:37.565"/>
</kw>
<status status="PASS" starttime="20210814 11:42:36.553" endtime="20210814 11:42:37.566"/>
</kw>
<status status="PASS" starttime="20210814 11:42:36.552" endtime="20210814 11:42:37.566"/>
</kw>
<status status="PASS" starttime="20210814 11:42:36.544" endtime="20210814 11:42:37.566"/>
</iter>
<status status="PASS" starttime="20210814 11:42:33.156" endtime="20210814 11:42:37.566"/>
</for>
<status status="PASS" starttime="20210814 11:42:33.151" endtime="20210814 11:42:37.567"/>
</kw>
<kw name="Sleep" library="BuiltIn">
<arg>4</arg>
<doc>Pauses the test executed for the given time.</doc>
<msg timestamp="20210814 11:42:41.568" level="INFO">Slept 4 seconds</msg>
<status status="PASS" starttime="20210814 11:42:37.567" endtime="20210814 11:42:41.568"/>
</kw>
<kw name="Run Keyword And Return Status" library="BuiltIn">
<var>${result}</var>
<arg>Wait Until Page Contains Element</arg>
<arg>${SONY_LIV_TO_GETIN_BUTTON}</arg>
<doc>Runs the given keyword with given arguments and returns the status as a Boolean value.</doc>
<kw name="Wait Until Page Contains Element" library="AppiumLibrary">
<arg>${SONY_LIV_TO_GETIN_BUTTON}</arg>
<doc>Waits until element specified with `locator` appears on current page.</doc>
<status status="PASS" starttime="20210814 11:42:41.569" endtime="20210814 11:42:41.684"/>
</kw>
<msg timestamp="20210814 11:42:41.684" level="INFO">${result} = True</msg>
<status status="PASS" starttime="20210814 11:42:41.569" endtime="20210814 11:42:41.684"/>
</kw>
<kw name="Run Keyword If" library="BuiltIn">
<arg>${result}</arg>
<arg>Click Element</arg>
<arg>${SONY_LIV_TO_GETIN_BUTTON}</arg>
<doc>Runs the given keyword with the given arguments, if ``condition`` is true.</doc>
<kw name="Click Element" library="AppiumLibrary">
<arg>${SONY_LIV_TO_GETIN_BUTTON}</arg>
<doc>Click element identified by `locator`.</doc>
<msg timestamp="20210814 11:42:41.701" level="INFO">Clicking element '//*[@text='Get In']'.</msg>
<status status="PASS" starttime="20210814 11:42:41.685" endtime="20210814 11:42:41.961"/>
</kw>
<status status="PASS" starttime="20210814 11:42:41.685" endtime="20210814 11:42:41.961"/>
</kw>
<kw name="Run Keyword If" library="BuiltIn">
<arg>${result}</arg>
<arg>press keycode</arg>
<arg>23</arg>
<doc>Runs the given keyword with the given arguments, if ``condition`` is true.</doc>
<kw name="Press Keycode" library="AppiumLibrary">
<arg>23</arg>
<doc>Sends a press of keycode to the device.</doc>
<status status="PASS" starttime="20210814 11:42:41.962" endtime="20210814 11:42:42.184"/>
</kw>
<status status="PASS" starttime="20210814 11:42:41.961" endtime="20210814 11:42:42.184"/>
</kw>
<kw name="Run Keyword Unless" library="BuiltIn">
<arg>${result}</arg>
<arg>fail</arg>
<arg>No Getin Button present..</arg>
<doc>Runs the given keyword with the given arguments if ``condition`` is false.</doc>
<status status="PASS" starttime="20210814 11:42:42.185" endtime="20210814 11:42:42.185"/>
</kw>
<status status="PASS" starttime="20210814 11:42:33.150" endtime="20210814 11:42:42.186"/>
</kw>
<kw name="Log To Console" library="BuiltIn">
<arg>Signed in Successfully Using Liv Special+ User</arg>
<doc>Logs the given message to the console.</doc>
<status status="PASS" starttime="20210814 11:42:42.186" endtime="20210814 11:42:42.187"/>
</kw>
<kw name="ENABLING LEFT MENU" library="GenericFunction">
<kw name="Set Variable" library="BuiltIn">
<var>${result}</var>
<arg>False</arg>
<doc>Returns the given values which can then be assigned to a variables.</doc>
<msg timestamp="20210814 11:42:42.191" level="INFO">${result} = False</msg>
<status status="PASS" starttime="20210814 11:42:42.190" endtime="20210814 11:42:42.191"/>
</kw>
<for flavor="IN RANGE">
<var>${i}</var>
<value>0</value>
<value>30</value>
<iter>
<var name="${i}">0</var>
<kw name="Run Keyword And Return Status" library="BuiltIn">
<var>${result}</var>
<arg>wait until page contains element</arg>
<arg>${SONY_LIV_TO_HOME_BUTTON}</arg>
<arg>timeout=2</arg>
<doc>Runs the given keyword with given arguments and returns the status as a Boolean value.</doc>
<kw name="Wait Until Page Contains Element" library="AppiumLibrary">
<arg>${SONY_LIV_TO_HOME_BUTTON}</arg>
<arg>timeout=2</arg>
<doc>Waits until element specified with `locator` appears on current page.</doc>
<kw name="Capture Page Screenshot" library="AppiumLibrary">
<doc>Takes a screenshot of the current page and embeds it into the log.</doc>
<msg timestamp="20210814 11:42:47.358" level="INFO" html="true">&lt;/td&gt;&lt;/tr&gt;&lt;tr&gt;&lt;td colspan="3"&gt;&lt;a href="appium-screenshot-7.png"&gt;&lt;img src="appium-screenshot-7.png" width="800px"&gt;&lt;/a&gt;</msg>
<status status="PASS" starttime="20210814 11:42:44.543" endtime="20210814 11:42:47.359"/>
</kw>
<msg timestamp="20210814 11:42:47.361" level="FAIL">Element '//*[@text='Home']' did not appear in 2 seconds</msg>
<status status="FAIL" starttime="20210814 11:42:42.192" endtime="20210814 11:42:47.361"/>
</kw>
<msg timestamp="20210814 11:42:47.361" level="INFO">${result} = False</msg>
<status status="PASS" starttime="20210814 11:42:42.192" endtime="20210814 11:42:47.361"/>
</kw>
<kw name="Run Keyword If" library="BuiltIn">
<arg>${result}</arg>
<arg>log to console</arg>
<arg>Menu Enabled</arg>
<doc>Runs the given keyword with the given arguments, if ``condition`` is true.</doc>
[...]
</kw>
<kw name="Press Keycode" library="AppiumLibrary">
<arg>21</arg>
<doc>Sends a press of keycode to the device.</doc>
<status status="PASS" starttime="20210814 11:51:31.625" endtime="20210814 11:51:32.551"/>
</kw>
<kw name="Press Keycode" library="AppiumLibrary">
<arg>21</arg>
<doc>Sends a press of keycode to the device.</doc>
<status status="PASS" starttime="20210814 11:51:32.551" endtime="20210814 11:51:33.529"/>
</kw>
<status status="PASS" starttime="20210814 11:51:24.571" endtime="20210814 11:51:33.529"/>
</iter>
<iter>
<var name="${i}">1</var>
<kw name="Run Keyword And Return Status" library="BuiltIn">
<var>${result}</var>
<arg>wait until page contains element</arg>
<arg>${SONY_LIV_TO_HOME_BUTTON}</arg>
<arg>timeout=2</arg>
<doc>Runs the given keyword with given arguments and returns the status as a Boolean value.</doc>
<kw name="Wait Until Page Contains Element" library="AppiumLibrary">
<arg>${SONY_LIV_TO_HOME_BUTTON}</arg>
<arg>timeout=2</arg>
<doc>Waits until element specified with `locator` appears on current page.</doc>
<status status="PASS" starttime="20210814 11:51:33.531" endtime="20210814 11:51:35.130"/>
</kw>
<msg timestamp="20210814 11:51:35.131" level="INFO">${result} = True</msg>
<status status="PASS" starttime="20210814 11:51:33.530" endtime="20210814 11:51:35.131"/>
</kw>
<kw name="Run Keyword If" library="BuiltIn">
<arg>${result}</arg>
<arg>log to console</arg>
<arg>Menu Enabled</arg>
<doc>Runs the given keyword with the given arguments, if ``condition`` is true.</doc>
<kw name="Log To Console" library="BuiltIn">
<arg>Menu Enabled</arg>
<doc>Logs the given message to the console.</doc>
<status status="PASS" starttime="20210814 11:51:35.132" endtime="20210814 11:51:35.132"/>
</kw>
<status status="PASS" starttime="20210814 11:51:35.131" endtime="20210814 11:51:35.133"/>
</kw>
<kw name="Exit For Loop If" library="BuiltIn">
<arg>'${result}'=='True'</arg>
<doc>Stops executing the enclosing for loop if the ``condition`` is true.</doc>
<msg timestamp="20210814 11:51:35.134" level="INFO">Exiting for loop altogether.</msg>
<status status="PASS" starttime="20210814 11:51:35.133" endtime="20210814 11:51:35.135"/>
</kw>
<status status="PASS" starttime="20210814 11:51:33.529" endtime="20210814 11:51:35.135"/>
</iter>
<status status="PASS" starttime="20210814 11:51:24.570" endtime="20210814 11:51:35.135"/>
</for>
<status status="PASS" starttime="20210814 11:51:24.554" endtime="20210814 11:51:35.136"/>
</kw>
<kw name="Scroll by swipe down and Click" library="GenericFunction">
<arg>${SONY_LIV_TO_SETTING_BUTTON}</arg>
<kw name="Set Variable" library="BuiltIn">
<var>${result}</var>
<arg>False</arg>
<doc>Returns the given values which can then be assigned to a variables.</doc>
<msg timestamp="20210814 11:51:35.138" level="INFO">${result} = False</msg>
<status status="PASS" starttime="20210814 11:51:35.137" endtime="20210814 11:51:35.138"/>
</kw>
<for flavor="IN RANGE">
<var>${i}</var>
<value>0</value>
<value>10</value>
<iter>
<var name="${i}">0</var>
<kw name="Run Keyword And Return Status" library="BuiltIn">
<var>${result}</var>
<arg>Wait Until Page Contains Element</arg>
<arg>${variable}</arg>
<arg>timeout=2</arg>
<doc>Runs the given keyword with given arguments and returns the status as a Boolean value.</doc>
<kw name="Wait Until Page Contains Element" library="AppiumLibrary">
<arg>${variable}</arg>
<arg>timeout=2</arg>
<doc>Waits until element specified with `locator` appears on current page.</doc>
<kw name="Capture Page Screenshot" library="AppiumLibrary">
<doc>Takes a screenshot of the current page and embeds it into the log.</doc>
<msg timestamp="20210814 11:51:38.445" level="INFO" html="true">&lt;/td&gt;&lt;/tr&gt;&lt;tr&gt;&lt;td colspan="3"&gt;&lt;a href="appium-screenshot-28.png"&gt;&lt;img src="appium-screenshot-28.png" width="800px"&gt;&lt;/a&gt;</msg>
<status status="PASS" starttime="20210814 11:51:37.157" endtime="20210814 11:51:38.445"/>
</kw>
<msg timestamp="20210814 11:51:38.447" level="FAIL">Element '//*[@text='Settings']' did not appear in 2 seconds</msg>
<status status="FAIL" starttime="20210814 11:51:35.140" endtime="20210814 11:51:38.447"/>
</kw>
<msg timestamp="20210814 11:51:38.447" level="INFO">${result} = False</msg>
<status status="PASS" starttime="20210814 11:51:35.139" endtime="20210814 11:51:38.448"/>
</kw>
<kw name="Run Keyword If" library="BuiltIn">
<arg>${result}</arg>
<arg>Click Element</arg>
<arg>${variable}</arg>
<doc>Runs the given keyword with the given arguments, if ``condition`` is true.</doc>
<status status="PASS" starttime="20210814 11:51:38.448" endtime="20210814 11:51:38.448"/>
</kw>
<kw name="Exit For Loop If" library="BuiltIn">
<arg>'${result}'=='True'</arg>
<doc>Stops executing the enclosing for loop if the ``condition`` is true.</doc>
<status status="PASS" starttime="20210814 11:51:38.449" endtime="20210814 11:51:38.450"/>
</kw>
<kw name="Press Keycode" library="AppiumLibrary">
<arg>20</arg>
<doc>Sends a press of keycode to the device.</doc>
<status status="PASS" starttime="20210814 11:51:38.450" endtime="20210814 11:51:38.724"/>
</kw>
<kw name="Sleep" library="BuiltIn">
<arg>1</arg>
<doc>Pauses the test executed for the given time.</doc>
<msg timestamp="20210814 11:51:39.726" level="INFO">Slept 1 second</msg>
<status status="PASS" starttime="20210814 11:51:38.725" endtime="20210814 11:51:39.726"/>
</kw>
<status status="PASS" starttime="20210814 11:51:35.139" endtime="20210814 11:51:39.726"/>
</iter>
<iter>
<var name="${i}">1</var>
<kw name="Run Keyword And Return Status" library="BuiltIn">
<var>${result}</var>
<arg>Wait Until Page Contains Element</arg>
<arg>${variable}</arg>
<arg>timeout=2</arg>
<doc>Runs the given keyword with given arguments and returns the status as a Boolean value.</doc>
<kw name="Wait Until Page Contains Element" library="AppiumLibrary">
<arg>${variable}</arg>
<arg>timeout=2</arg>
<doc>Waits until element specified with `locator` appears on current page.</doc>
<kw name="Capture Page Screenshot" library="AppiumLibrary">
<doc>Takes a screenshot of the current page and embeds it into the log.</doc>
<msg timestamp="20210814 11:51:43.083" level="INFO" html="true">&lt;/td&gt;&lt;/tr&gt;&lt;tr&gt;&lt;td colspan="3"&gt;&lt;a href="appium-screenshot-29.png"&gt;&lt;img src="appium-screenshot-29.png" width="800px"&gt;&lt;/a&gt;</msg>
<status status="PASS" starttime="20210814 11:51:41.812" endtime="20210814 11:51:43.084"/>
</kw>
<msg timestamp="20210814 11:51:43.085" level="FAIL">Element '//*[@text='Settings']' did not appear in 2 seconds</msg>
<status status="FAIL" starttime="20210814 11:51:39.727" endtime="20210814 11:51:43.086"/>
</kw>
<msg timestamp="20210814 11:51:43.086" level="INFO">${result} = False</msg>
<status status="PASS" starttime="20210814 11:51:39.727" endtime="20210814 11:51:43.086"/>
</kw>
<kw name="Run Keyword If" library="BuiltIn">
<arg>${result}</arg>
<arg>Click Element</arg>
<arg>${variable}</arg>
<doc>Runs the given keyword with the given arguments, if ``condition`` is true.</doc>
<status status="PASS" starttime="20210814 11:51:43.086" endtime="20210814 11:51:43.087"/>
</kw>
<kw name="Exit For Loop If" library="BuiltIn">
<arg>'${result}'=='True'</arg>
<doc>Stops executing the enclosing for loop if the ``condition`` is true.</doc>
<status status="PASS" starttime="20210814 11:51:43.087" endtime="20210814 11:51:43.088"/>
</kw>
<kw name="Press Keycode" library="AppiumLibrary">
<arg>20</arg>
<doc>Sends a press of keycode to the device.</doc>
<status status="PASS" starttime="20210814 11:51:43.089" endtime="20210814 11:51:43.534"/>
</kw>
<kw name="Sleep" library="BuiltIn">
<arg>1</arg>
<doc>Pauses the test executed for the given time.</doc>
<msg timestamp="20210814 11:51:44.543" level="INFO">Slept 1 second</msg>
<status status="PASS" starttime="20210814 11:51:43.535" endtime="20210814 11:51:44.543"/>
</kw>
<status status="PASS" starttime="20210814 11:51:39.726" endtime="20210814 11:51:44.543"/>
</iter>
<iter>
<var name="${i}">2</var>
<kw name="Run Keyword And Return Status" library="BuiltIn">
<var>${result}</var>
<arg>Wait Until Page Contains Element</arg>
<arg>${variable}</arg>
<arg>timeout=2</arg>
<doc>Runs the given keyword with given arguments and returns the status as a Boolean value.</doc>
<kw name="Wait Until Page Contains Element" library="AppiumLibrary">
<arg>${variable}</arg>
<arg>timeout=2</arg>
<doc>Waits until element specified with `locator` appears on current page.</doc>
<kw name="Capture Page Screenshot" library="AppiumLibrary">
<doc>Takes a screenshot of the current page and embeds it into the log.</doc>
<msg timestamp="20210814 11:51:48.225" level="INFO" html="true">&lt;/td&gt;&lt;/tr&gt;&lt;tr&gt;&lt;td colspan="3"&gt;&lt;a href="appium-screenshot-30.png"&gt;&lt;img src="appium-screenshot-30.png" width="800px"&gt;&lt;/a&gt;</msg>
<status status="PASS" starttime="20210814 11:51:46.780" endtime="20210814 11:51:48.225"/>
</kw>
<msg timestamp="20210814 11:51:48.227" level="FAIL">Element '//*[@text='Settings']' did not appear in 2 seconds</msg>
<status status="FAIL" starttime="20210814 11:51:44.591" endtime="20210814 11:51:48.227"/>
</kw>
<msg timestamp="20210814 11:51:48.227" level="INFO">${result} = False</msg>
<status status="PASS" starttime="20210814 11:51:44.544" endtime="20210814 11:51:48.227"/>
</kw>
<kw name="Run Keyword If" library="BuiltIn">
<arg>${result}</arg>
<arg>Click Element</arg>
<arg>${variable}</arg>
<doc>Runs the given keyword with the given arguments, if ``condition`` is true.</doc>
<status status="PASS" starttime="20210814 11:51:48.228" endtime="20210814 11:51:48.228"/>
</kw>
<kw name="Exit For Loop If" library="BuiltIn">
<arg>'${result}'=='True'</arg>
<doc>Stops executing the enclosing for loop if the ``condition`` is true.</doc>
<status status="PASS" starttime="20210814 11:51:48.229" endtime="20210814 11:51:48.230"/>
</kw>
<kw name="Press Keycode" library="AppiumLibrary">
<arg>20</arg>
<doc>Sends a press of keycode to the device.</doc>
<status status="PASS" starttime="20210814 11:51:48.230" endtime="20210814 11:51:48.585"/>
</kw>
<kw name="Sleep" library="BuiltIn">
<arg>1</arg>
<doc>Pauses the test executed for the given time.</doc>
<msg timestamp="20210814 11:51:49.587" level="INFO">Slept 1 second</msg>
<status status="PASS" starttime="20210814 11:51:48.586" endtime="20210814 11:51:49.587"/>
</kw>
<status status="PASS" starttime="20210814 11:51:44.543" endtime="20210814 11:51:49.587"/>
</iter>
<iter>
<var name="${i}">3</var>
<kw name="Run Keyword And Return Status" library="BuiltIn">
<var>${result}</var>
<arg>Wait Until Page Contains Element</arg>
<arg>${variable}</arg>
<arg>timeout=2</arg>
<doc>Runs the given keyword with given arguments and returns the status as a Boolean value.</doc>
<kw name="Wait Until Page Contains Element" library="AppiumLibrary">
<arg>${variable}</arg>
<arg>timeout=2</arg>
<doc>Waits until element specified with `locator` appears on current page.</doc>
<status status="PASS" starttime="20210814 11:51:49.588" endtime="20210814 11:51:49.670"/>
</kw>
<msg timestamp="20210814 11:51:49.670" level="INFO">${result} = True</msg>
<status status="PASS" starttime="20210814 11:51:49.588" endtime="20210814 11:51:49.670"/>
</kw>
<kw name="Run Keyword If" library="BuiltIn">
<arg>${result}</arg>
<arg>Click Element</arg>
<arg>${variable}</arg>
<doc>Runs the given keyword with the given arguments, if ``condition`` is true.</doc>
<kw name="Click Element" library="AppiumLibrary">
<arg>${variable}</arg>
<doc>Click element identified by `locator`.</doc>
<msg timestamp="20210814 11:51:49.689" level="INFO">Clicking element '//*[@text='Settings']'.</msg>
<status status="PASS" starttime="20210814 11:51:49.672" endtime="20210814 11:51:49.939"/>
</kw>
<status status="PASS" starttime="20210814 11:51:49.671" endtime="20210814 11:51:49.940"/>
</kw>
<kw name="Exit For Loop If" library="BuiltIn">
<arg>'${result}'=='True'</arg>
<doc>Stops executing the enclosing for loop if the ``condition`` is true.</doc>
<msg timestamp="20210814 11:51:49.941" level="INFO">Exiting for loop altogether.</msg>
<status status="PASS" starttime="20210814 11:51:49.940" endtime="20210814 11:51:49.942"/>
</kw>
<status status="PASS" starttime="20210814 11:51:49.587" endtime="20210814 11:51:49.942"/>
</iter>
<status status="PASS" starttime="20210814 11:51:35.138" endtime="20210814 11:51:49.942"/>
</for>
<kw name="Run Keyword If" library="BuiltIn">
<arg>${result}</arg>
<arg>log to console</arg>
<arg>${variable} Content Found...</arg>
<doc>Runs the given keyword with the given arguments, if ``condition`` is true.</doc>
<kw name="Log To Console" library="BuiltIn">
<arg>${variable} Content Found...</arg>
<doc>Logs the given message to the console.</doc>
<status status="PASS" starttime="20210814 11:51:49.943" endtime="20210814 11:51:49.944"/>
</kw>
<status status="PASS" starttime="20210814 11:51:49.942" endtime="20210814 11:51:49.944"/>
</kw>
<kw name="Run Keyword Unless" library="BuiltIn">
<arg>${result}</arg>
<arg>Fail</arg>
<arg>${variable} COntent not-found...</arg>
<doc>Runs the given keyword with the given arguments if ``condition`` is false.</doc>
<status status="PASS" starttime="20210814 11:51:49.945" endtime="20210814 11:51:49.945"/>
</kw>
<for flavor="IN RANGE">
<var>${i}</var>
<value>0</value>
<value>4</value>
<iter>
<var name="${i}">0</var>
<kw name="Run Keyword And Return Status" library="BuiltIn">
<var>${result}</var>
<arg>Wait Until Page Contains Element</arg>
<arg>${variable}</arg>
<arg>timeout=2</arg>
<doc>Runs the given keyword with given arguments and returns the status as a Boolean value.</doc>
<kw name="Wait Until Page Contains Element" library="AppiumLibrary">
<arg>${variable}</arg>
<arg>timeout=2</arg>
<doc>Waits until element specified with `locator` appears on current page.</doc>
<status status="PASS" starttime="20210814 11:51:49.947" endtime="20210814 11:51:52.416"/>
</kw>
<msg timestamp="20210814 11:51:52.416" level="INFO">${result} = True</msg>
<status status="PASS" starttime="20210814 11:51:49.947" endtime="20210814 11:51:52.416"/>
</kw>
<kw name="Run Keyword If" library="BuiltIn">
<arg>${result}</arg>
<arg>Click Element</arg>
<arg>${variable}</arg>
<doc>Runs the given keyword with the given arguments, if ``condition`` is true.</doc>
<kw name="Click Element" library="AppiumLibrary">
<arg>${variable}</arg>
<doc>Click element identified by `locator`.</doc>
<msg timestamp="20210814 11:51:52.441" level="INFO">Clicking element '//*[@text='Settings']'.</msg>
<status status="PASS" starttime="20210814 11:51:52.418" endtime="20210814 11:51:53.702"/>
</kw>
<status status="PASS" starttime="20210814 11:51:52.417" endtime="20210814 11:51:53.703"/>
</kw>
<kw name="Exit For Loop If" library="BuiltIn">
<arg>'${result}'=='True'</arg>
<doc>Stops executing the enclosing for loop if the ``condition`` is true.</doc>
<msg timestamp="20210814 11:51:53.719" level="INFO">Exiting for loop altogether.</msg>
<status status="PASS" starttime="20210814 11:51:53.703" endtime="20210814 11:51:53.719"/>
</kw>
<status status="PASS" starttime="20210814 11:51:49.946" endtime="20210814 11:51:53.720"/>
</iter>
<status status="PASS" starttime="20210814 11:51:49.946" endtime="20210814 11:51:53.720"/>
</for>
<kw name="Run Keyword If" library="BuiltIn">
<arg>${result}</arg>
<arg>log to console</arg>
<arg>${variable} Content Found...</arg>
<doc>Runs the given keyword with the given arguments, if ``condition`` is true.</doc>
<kw name="Log To Console" library="BuiltIn">
<arg>${variable} Content Found...</arg>
<doc>Logs the given message to the console.</doc>
<status status="PASS" starttime="20210814 11:51:53.744" endtime="20210814 11:51:53.762"/>
</kw>
<status status="PASS" starttime="20210814 11:51:53.720" endtime="20210814 11:51:53.762"/>
</kw>
<kw name="Run Keyword Unless" library="BuiltIn">
<arg>${result}</arg>
<arg>Fail</arg>
<arg>${variable} COntent not-found...</arg>
<doc>Runs the given keyword with the given arguments if ``condition`` is false.</doc>
<status status="PASS" starttime="20210814 11:51:53.763" endtime="20210814 11:51:53.764"/>
</kw>
<status status="PASS" starttime="20210814 11:51:35.136" endtime="20210814 11:51:53.764"/>
</kw>
<kw name="Log To Console" library="BuiltIn">
<arg>Setting Button Opened</arg>
<doc>Logs the given message to the console.</doc>
<status status="PASS" starttime="20210814 11:51:53.765" endtime="20210814 11:51:53.765"/>
</kw>
<kw name="Sleep" library="BuiltIn">
<arg>5</arg>
<doc>Pauses the test executed for the given time.</doc>
<msg timestamp="20210814 11:51:58.788" level="INFO">Slept 5 seconds</msg>
<status status="PASS" starttime="20210814 11:51:53.766" endtime="20210814 11:51:58.788"/>
</kw>
<kw name="Press Keycode" library="AppiumLibrary">
<arg>20</arg>
<doc>Sends a press of keycode to the device.</doc>
<status status="PASS" starttime="20210814 11:51:58.793" endtime="20210814 11:51:59.208"/>
</kw>
<kw name="Sleep" library="BuiltIn">
<arg>5</arg>
<doc>Pauses the test executed for the given time.</doc>
<msg timestamp="20210814 11:52:04.235" level="INFO">Slept 5 seconds</msg>
<status status="PASS" starttime="20210814 11:51:59.209" endtime="20210814 11:52:04.235"/>
</kw>
<kw name="verify privacy policy" library="web_res">
<kw name="Run Keyword And Return Status" library="BuiltIn">
<var>${result}</var>
<arg>Wait Until Page Contains Element</arg>
<arg>${SONY_LIV_TO_PRIVACY_POLICY_BUTTON}</arg>
<doc>Runs the given keyword with given arguments and returns the status as a Boolean value.</doc>
<kw name="Wait Until Page Contains Element" library="AppiumLibrary">
<arg>${SONY_LIV_TO_PRIVACY_POLICY_BUTTON}</arg>
<doc>Waits until element specified with `locator` appears on current page.</doc>
<status status="PASS" starttime="20210814 11:52:04.237" endtime="20210814 11:52:04.300"/>
</kw>
<msg timestamp="20210814 11:52:04.300" level="INFO">${result} = True</msg>
<status status="PASS" starttime="20210814 11:52:04.237" endtime="20210814 11:52:04.300"/>
</kw>
<kw name="Run Keyword If" library="BuiltIn">
<arg>${result}</arg>
<arg>log to console</arg>
<arg>Privcy Policy Opened successfully</arg>
<doc>Runs the given keyword with the given arguments, if ``condition`` is true.</doc>
<kw name="Log To Console" library="BuiltIn">
<arg>Privcy Policy Opened successfully</arg>
<doc>Logs the given message to the console.</doc>
<status status="PASS" starttime="20210814 11:52:04.301" endtime="20210814 11:52:04.302"/>
</kw>
<status status="PASS" starttime="20210814 11:52:04.301" endtime="20210814 11:52:04.302"/>
</kw>
<kw name="Run Keyword Unless" library="BuiltIn">
<arg>${result}</arg>
<arg>fail</arg>
<arg>Privacy Policy Not Found</arg>
<doc>Runs the given keyword with the given arguments if ``condition`` is false.</doc>
<status status="PASS" starttime="20210814 11:52:04.302" endtime="20210814 11:52:04.303"/>
</kw>
<status status="PASS" starttime="20210814 11:52:04.236" endtime="20210814 11:52:04.303"/>
</kw>
<kw name="Close Application" library="AppiumLibrary">
<doc>Closes the current application and also close webdriver session.</doc>
<status status="PASS" starttime="20210814 11:52:04.304" endtime="20210814 11:52:05.463"/>
</kw>
<kw name="Run Keyword If Test Failed" library="BuiltIn" type="TEARDOWN">
<arg>TEST TEARDOWN</arg>
<arg>${img_no}</arg>
<doc>Runs the given keyword with the given arguments, if the test failed.</doc>
<status status="PASS" starttime="20210814 11:52:05.485" endtime="20210814 11:52:05.486"/>
</kw>
<tag>now</tag>
<status status="PASS" starttime="20210814 11:50:15.128" endtime="20210814 11:52:05.486"/>
</test>
<status status="PASS" starttime="20210814 11:39:43.483" endtime="20210814 11:52:05.490"/>
</suite>
<statistics>
<total>
<stat pass="6" fail="0" skip="0">All Tests</stat>
</total>
<tag>
<stat pass="1" fail="0" skip="0">now</stat>
<stat pass="5" fail="0" skip="0">pass</stat>
</tag>
<suite>
<stat pass="6" fail="0" skip="0" id="s1" name="Device Management">Device Management</stat>
</suite>
</statistics>
<errors>
</errors>
</robot>
